{
	"EntryDate": "2016-11-14 13:42:32 -05:00",
	"Level": "WARN",
	"Message": [{
		"Rule": "testpage",
		"REMOTE_HOST": "199.91.201.194",
		"URL": "/test.cfm",
		"HTTP_REFERER": "",
		"HTTPS": "off",
		"HTTP_USER_AGENT": "Mozilla/5.0 (Windows NT 10.0; WOW64) AppleWebKit/537.36 (KHTML, like Gecko) Chrome/54.0.2840.71 Safari/537.36",
		"QUERY_STRING": "",
		"HTTP_CONNECTION": "keep-alive",
		"REQUEST_METHOD": "GET",
		"HTTP_HOST": "sealegstravel.agentstudio.com"
	}]
}, {
	"EntryDate": "2016-11-14 13:47:14 -05:00",
	"Level": "WARN",
	"Message": [{
		"Rule": "testpage",
		"REMOTE_HOST": "199.91.201.194",
		"URL": "/test.cfm",
		"HTTP_REFERER": "",
		"HTTPS": "off",
		"HTTP_USER_AGENT": "Mozilla/5.0 (Windows NT 10.0; WOW64) AppleWebKit/537.36 (KHTML, like Gecko) Chrome/54.0.2840.71 Safari/537.36",
		"QUERY_STRING": "",
		"HTTP_CONNECTION": "keep-alive",
		"REQUEST_METHOD": "GET",
		"HTTP_HOST": "sealegstravel.agentstudio.com"
	}]
}, {
	"EntryDate": "2016-11-14 13:48:09 -05:00",
	"Level": "WARN",
	"Message": [{
		"Rule": "testpage",
		"REMOTE_HOST": "199.91.201.194",
		"URL": "/test.cfm",
		"HTTP_REFERER": "",
		"HTTPS": "off",
		"HTTP_USER_AGENT": "Mozilla/5.0 (Windows NT 10.0; WOW64) AppleWebKit/537.36 (KHTML, like Gecko) Chrome/54.0.2840.71 Safari/537.36",
		"QUERY_STRING": "",
		"HTTP_CONNECTION": "keep-alive",
		"REQUEST_METHOD": "GET",
		"HTTP_HOST": "sealegstravel.agentstudio.com"
	}]
}, {
	"EntryDate": "2016-11-14 13:48:43 -05:00",
	"Level": "WARN",
	"Message": [{
		"Rule": "testpage",
		"REMOTE_HOST": "199.91.201.194",
		"URL": "/test.cfm",
		"HTTP_REFERER": "",
		"HTTPS": "off",
		"HTTP_USER_AGENT": "Mozilla/5.0 (Windows NT 10.0; WOW64) AppleWebKit/537.36 (KHTML, like Gecko) Chrome/54.0.2840.71 Safari/537.36",
		"QUERY_STRING": "",
		"HTTP_CONNECTION": "keep-alive",
		"REQUEST_METHOD": "GET",
		"HTTP_HOST": "sealegstravel.agentstudio.com"
	}]
}, {
	"EntryDate": "2016-11-14 13:50:03 -05:00",
	"Level": "WARN",
	"Message": [{
		"Rule": "testpage",
		"REMOTE_HOST": "199.91.201.194",
		"URL": "/test.cfm",
		"HTTP_REFERER": "",
		"HTTPS": "off",
		"HTTP_USER_AGENT": "Mozilla/5.0 (Windows NT 10.0; WOW64) AppleWebKit/537.36 (KHTML, like Gecko) Chrome/54.0.2840.71 Safari/537.36",
		"QUERY_STRING": "",
		"HTTP_CONNECTION": "keep-alive",
		"REQUEST_METHOD": "GET",
		"HTTP_HOST": "sealegstravel.agentstudio.com"
	}]
}, {
	"EntryDate": "2016-11-14 13:50:37 -05:00",
	"Level": "WARN",
	"Message": [{
		"Rule": "testpage",
		"REMOTE_HOST": "199.91.201.194",
		"URL": "/test.cfm",
		"HTTP_REFERER": "",
		"HTTPS": "off",
		"HTTP_USER_AGENT": "Mozilla/5.0 (Windows NT 10.0; WOW64) AppleWebKit/537.36 (KHTML, like Gecko) Chrome/54.0.2840.71 Safari/537.36",
		"QUERY_STRING": "",
		"HTTP_CONNECTION": "keep-alive",
		"REQUEST_METHOD": "GET",
		"HTTP_HOST": "sealegstravel.agentstudio.com"
	}]
}, {
	"EntryDate": "2016-11-14 13:53:24 -05:00",
	"Level": "WARN",
	"Message": [{
		"Rule": "testpage",
		"REMOTE_HOST": "199.91.201.194",
		"URL": "/test.cfm",
		"HTTP_REFERER": "",
		"HTTPS": "off",
		"HTTP_USER_AGENT": "Mozilla/5.0 (Windows NT 10.0; WOW64) AppleWebKit/537.36 (KHTML, like Gecko) Chrome/54.0.2840.71 Safari/537.36",
		"QUERY_STRING": "",
		"HTTP_CONNECTION": "keep-alive",
		"REQUEST_METHOD": "GET",
		"HTTP_HOST": "sealegstravel.agentstudio.com"
	}]
}, {
	"EntryDate": "2016-11-14 13:57:28 -05:00",
	"Level": "WARN",
	"Message": [{
		"Rule": "testpage",
		"REMOTE_HOST": "199.91.201.194",
		"URL": "/test.cfm",
		"HTTP_REFERER": "",
		"HTTPS": "off",
		"HTTP_USER_AGENT": "Mozilla/5.0 (Windows NT 10.0; WOW64) AppleWebKit/537.36 (KHTML, like Gecko) Chrome/54.0.2840.71 Safari/537.36",
		"QUERY_STRING": "",
		"HTTP_CONNECTION": "keep-alive",
		"REQUEST_METHOD": "GET",
		"HTTP_HOST": "sealegstravel.agentstudio.com"
	}]
}, {
	"EntryDate": "2016-11-14 14:12:08 -05:00",
	"Level": "WARN",
	"Message": [{
		"Rule": "testpage",
		"REMOTE_HOST": "199.91.201.194",
		"URL": "/test.cfm",
		"HTTP_REFERER": "",
		"HTTPS": "off",
		"HTTP_USER_AGENT": "Mozilla/5.0 (Windows NT 10.0; WOW64) AppleWebKit/537.36 (KHTML, like Gecko) Chrome/54.0.2840.71 Safari/537.36",
		"QUERY_STRING": "",
		"HTTP_CONNECTION": "keep-alive",
		"REQUEST_METHOD": "GET",
		"HTTP_HOST": "sealegstravel.agentstudio.com"
	}]
}, {
	"EntryDate": "2016-11-14 14:14:28 -05:00",
	"Level": "WARN",
	"Message": [{
		"Rule": "testpage",
		"REMOTE_HOST": "199.91.201.194",
		"URL": "/test.cfm",
		"HTTP_REFERER": "",
		"HTTPS": "off",
		"HTTP_USER_AGENT": "Mozilla/5.0 (Windows NT 10.0; WOW64) AppleWebKit/537.36 (KHTML, like Gecko) Chrome/54.0.2840.71 Safari/537.36",
		"QUERY_STRING": "",
		"HTTP_CONNECTION": "keep-alive",
		"REQUEST_METHOD": "GET",
		"HTTP_HOST": "sealegstravel.agentstudio.com"
	}]
}, {
	"EntryDate": "2016-11-14 14:16:48 -05:00",
	"Level": "WARN",
	"Message": [{
		"Rule": "testpage",
		"REMOTE_HOST": "199.91.201.194",
		"URL": "/test.cfm",
		"HTTP_REFERER": "",
		"HTTPS": "off",
		"HTTP_USER_AGENT": "Mozilla/5.0 (Windows NT 10.0; WOW64) AppleWebKit/537.36 (KHTML, like Gecko) Chrome/54.0.2840.99 Safari/537.36",
		"QUERY_STRING": "",
		"HTTP_CONNECTION": "keep-alive",
		"REQUEST_METHOD": "GET",
		"HTTP_HOST": "sealegstravel.agentstudio.com"
	}]
}, {
	"EntryDate": "2016-11-14 14:18:25 -05:00",
	"Level": "WARN",
	"Message": [{
		"Rule": "testpage",
		"REMOTE_HOST": "100.11.236.184",
		"URL": "/test.cfm",
		"HTTP_REFERER": "",
		"HTTPS": "off",
		"HTTP_USER_AGENT": "Mozilla/5.0 (iPhone; CPU iPhone OS 10_1_1 like Mac OS X) AppleWebKit/602.2.14 (KHTML, like Gecko) Version/10.0 Mobile/14B100 Safari/602.1",
		"QUERY_STRING": "",
		"HTTP_CONNECTION": "keep-alive",
		"REQUEST_METHOD": "GET",
		"HTTP_HOST": "sealegstravel.agentstudio.com"
	}]
}, {
	"EntryDate": "2016-11-14 14:19:13 -05:00",
	"Level": "WARN",
	"Message": [{
		"Rule": "testpage",
		"REMOTE_HOST": "100.11.236.184",
		"URL": "/test.cfm",
		"HTTP_REFERER": "",
		"HTTPS": "off",
		"HTTP_USER_AGENT": "Mozilla/5.0 (Macintosh; Intel Mac OS X 10.12; rv:49.0) Gecko/20100101 Firefox/49.0",
		"QUERY_STRING": "",
		"HTTP_CONNECTION": "keep-alive",
		"REQUEST_METHOD": "GET",
		"HTTP_HOST": "sealegstravel.agentstudio.com"
	}]
}, {
	"EntryDate": "2016-11-14 14:28:16 -05:00",
	"Level": "WARN",
	"Message": [{
		"Rule": "testpage",
		"REMOTE_HOST": "199.91.201.194",
		"URL": "/test.cfm",
		"HTTP_REFERER": "",
		"HTTPS": "off",
		"HTTP_USER_AGENT": "Mozilla/5.0 (Windows NT 10.0; WOW64) AppleWebKit/537.36 (KHTML, like Gecko) Chrome/54.0.2840.71 Safari/537.36",
		"QUERY_STRING": "",
		"HTTP_CONNECTION": "keep-alive",
		"REQUEST_METHOD": "GET",
		"HTTP_HOST": "sealegstravel.agentstudio.com"
	}]
}, {
	"EntryDate": "2016-11-14 14:47:22 -05:00",
	"Level": "WARN",
	"Message": [{
		"Rule": "testpage",
		"REMOTE_HOST": "199.91.201.194",
		"URL": "/test.cfm",
		"HTTP_REFERER": "",
		"HTTPS": "off",
		"HTTP_USER_AGENT": "Mozilla/5.0 (Windows NT 10.0; WOW64) AppleWebKit/537.36 (KHTML, like Gecko) Chrome/54.0.2840.71 Safari/537.36",
		"QUERY_STRING": "",
		"HTTP_CONNECTION": "keep-alive",
		"REQUEST_METHOD": "GET",
		"HTTP_HOST": "sealegstravel.agentstudio.com"
	}]
}, {
	"EntryDate": "2016-11-14 17:10:04 -05:00",
	"Level": "WARN",
	"Message": [{
		"Rule": "hotelsbots",
		"REMOTE_HOST": "184.154.139.16",
		"URL": "/hotels-details.html",
		"HTTP_REFERER": "",
		"HTTPS": "off",
		"HTTP_USER_AGENT": "SiteLockSpider [en] (WinNT; I ;Nav)",
		"QUERY_STRING": "SearchObject=%7B%22HotelId%22%3A234911%2C%22rooms%22%3A1%2C%22totalChildren%22%3A0%2C%22numberOfResults%22%3A3%2C%22departureDate%22%3A%2211%2F15%2F2016%22%2C%22SortType%22%3A%22PROMO%22%2C%22roomGroup%22%3A%5B%7B%22numberOfChildren%22%3A0%2C%22numberOfAdults%22%3A1%7D%5D%2C%22arrivalDate%22%3A%2211%2F14%2F2016%22%2C%22totalAdults%22%3A1%2C%22regionId%22%3A6151902%2C%22DestinationString%22%3A%22Downtown%20San%20Francisco%2C%20San%20Francisco%2C%20California%2C%20United%20States%20of%20America%22%7D",
		"HTTP_CONNECTION": "TE, close",
		"REQUEST_METHOD": "GET",
		"HTTP_HOST": "pinnacletrips.com"
	}]
}, {
	"EntryDate": "2016-11-14 18:12:09 -05:00",
	"Level": "WARN",
	"Message": [{
		"Rule": "hotelsbots",
		"REMOTE_HOST": "69.175.59.186",
		"URL": "/common/sign-in.html",
		"HTTP_REFERER": "",
		"HTTPS": "off",
		"HTTP_USER_AGENT": "SiteLockSpider [en] (WinNT; I ;Nav)",
		"QUERY_STRING": "",
		"HTTP_CONNECTION": "TE, close",
		"REQUEST_METHOD": "GET",
		"HTTP_HOST": "pandora.travel"
	}]
}, {
	"EntryDate": "2016-11-14 20:39:22 -05:00",
	"Level": "WARN",
	"Message": [{
		"Rule": "pageview",
		"REMOTE_HOST": "82.80.230.228",
		"URL": "/destinations/south-america.html",
		"HTTP_REFERER": "http://cruzconnections.com/destinations/south-america.html",
		"HTTPS": "off",
		"HTTP_USER_AGENT": "Mozilla/5.0 (Macintosh; Intel Mac OS X 10_9_0) AppleWebKit/537.36 (KHTML, like Gecko) Chrome/31.0.1650.57 Safari/537.36",
		"QUERY_STRING": "ForceDesktopMode=true",
		"HTTP_CONNECTION": "",
		"REQUEST_METHOD": "GET",
		"HTTP_HOST": "cruzconnections.com"
	}]
}, {
	"EntryDate": "2016-11-14 21:06:11 -05:00",
	"Level": "WARN",
	"Message": [{
		"Rule": "pageview",
		"REMOTE_HOST": "82.80.249.192",
		"URL": "/news/the-50-best-college-campus-hotels-in-america.html",
		"HTTP_REFERER": "http://viziontravel.com/destinations/north-america/united-states/louisiana/baton-rouge.html",
		"HTTPS": "off",
		"HTTP_USER_AGENT": "Mozilla/5.0 (Macintosh; Intel Mac OS X 10_9_1) AppleWebKit/537.36 (KHTML, like Gecko) Chrome/31.0.1650.63 Safari/537.36",
		"QUERY_STRING": "",
		"HTTP_CONNECTION": "",
		"REQUEST_METHOD": "GET",
		"HTTP_HOST": "viziontravel.com"
	}]
}, {
	"EntryDate": "2016-11-14 22:33:24 -05:00",
	"Level": "WARN",
	"Message": [{
		"Rule": "pageview",
		"REMOTE_HOST": "82.80.230.228",
		"URL": "/tours/iberian-peninsula-and-morocco-start-madrid-end-madrid.html",
		"HTTP_REFERER": "http://my-elitetravelexperts.com/destinations/europe/spain.html",
		"HTTPS": "off",
		"HTTP_USER_AGENT": "Opera/9.80 (Windows NT 6.1; WOW64) Presto/2.12.388 Version/12.16",
		"QUERY_STRING": "",
		"HTTP_CONNECTION": "",
		"REQUEST_METHOD": "GET",
		"HTTP_HOST": "my-elitetravelexperts.com"
	}]
}, {
	"EntryDate": "2016-11-14 23:31:11 -05:00",
	"Level": "WARN",
	"Message": [{
		"Rule": "hotelsbots",
		"REMOTE_HOST": "184.154.248.106",
		"URL": "/hotels-search.html",
		"HTTP_REFERER": "",
		"HTTPS": "off",
		"HTTP_USER_AGENT": "SiteLockSpider [en] (WinNT; I ;Nav)",
		"QUERY_STRING": "",
		"HTTP_CONNECTION": "TE, close",
		"REQUEST_METHOD": "GET",
		"HTTP_HOST": "irishcuetravel.com"
	}]
}, {
	"EntryDate": "2016-11-14 23:48:25 -05:00",
	"Level": "WARN",
	"Message": [{
		"Rule": "hotelsbots",
		"REMOTE_HOST": "184.154.139.24",
		"URL": "/hotels-search.html",
		"HTTP_REFERER": "",
		"HTTPS": "off",
		"HTTP_USER_AGENT": "SiteLockSpider [en] (WinNT; I ;Nav)",
		"QUERY_STRING": "SearchObject=%7B%22hotelId%22%3A0%2C%22totalChildren%22%3A0%2C%22departureDate%22%3A%2211%2F15%2F2016%22%2C%22roomGroup%22%3A%5B%7B%22numberOfChildren%22%3A0%2C%22numberOfAdults%22%3A1%7D%5D%2C%22arrivalDate%22%3A%2211%2F14%2F2016%22%2C%22regionId%22%3A2008%2C%22DestinationString%22%3A%22Las%20Vegas%2C%20Nevada%2C%20United%20States%20of%20America%22%2C%22currencyCode%22%3A%22USD%22%2C%22rooms%22%3A1%2C%22numberOfResults%22%3A3%2C%22locale%22%3A%22en%5Fus%22%2C%22SortType%22%3A%22PROMO%22%2C%22totalAdults%22%3A1%7D",
		"HTTP_CONNECTION": "TE, close",
		"REQUEST_METHOD": "GET",
		"HTTP_HOST": "grandvoyagetravel.com"
	}]
},