{
	"EntryDate": "2016-11-19 00:33:39 -05:00",
	"Level": "WARN",
	"Message": {
		"Rule": "pageview",
		"REMOTE_HOST": "82.80.230.228",
		"URL": "/promotions/holiday-inn-anaheim-resort-267295.html",
		"HTTP_REFERER": "http://www.travelingpantscruises.com/tours/tournament-of-roses.html",
		"HTTPS": "off",
		"HTTP_USER_AGENT": "Mozilla/5.0 (Macintosh; Intel Mac OS X 10_6_8) AppleWebKit/537.36 (KHTML, like Gecko) Chrome/31.0.1650.63 Safari/537.36",
		"QUERY_STRING": "",
		"HTTP_CONNECTION": "",
		"REQUEST_METHOD": "GET",
		"HTTP_HOST": "travelingpantscruises.com"
	}
}, {
	"EntryDate": "2016-11-19 00:44:26 -05:00",
	"Level": "WARN",
	"Message": [{
		"Rule": "pageview",
		"REMOTE_HOST": "82.80.230.228",
		"URL": "/request-quote.html",
		"HTTP_REFERER": "http://travelingpantscruises.com/cruises/7-day-mexican-riviera-from-los-angeles.html",
		"HTTPS": "off",
		"HTTP_USER_AGENT": "Mozilla/5.0 (Windows NT 6.1; rv:26.0) Gecko/20100101 Firefox/26.0",
		"QUERY_STRING": "DealURL=7-day-mexican-riviera-from-los-angeles&DealType=Cruise&Dates=3/25/18-4/1/18&Starting=949",
		"HTTP_CONNECTION": "",
		"REQUEST_METHOD": "GET",
		"HTTP_HOST": "travelingpantscruises.com"
	}]
}, {
	"EntryDate": "2016-11-19 00:59:08 -05:00",
	"Level": "WARN",
	"Message": [{
		"Rule": "pageview",
		"REMOTE_HOST": "82.80.230.228",
		"URL": "/tours/the-endless-shores-luxury-gold-summer-2017.html",
		"HTTP_REFERER": "",
		"HTTPS": "off",
		"HTTP_USER_AGENT": "Mozilla/5.0 (Windows NT 6.1; WOW64; rv:26.0) Gecko/20100101 Firefox/26.0",
		"QUERY_STRING": "",
		"HTTP_CONNECTION": "Keep-Alive",
		"REQUEST_METHOD": "GET",
		"HTTP_HOST": "www.travelingpantscruises.com"
	}]
}, {
	"EntryDate": "2016-11-19 01:18:19 -05:00",
	"Level": "WARN",
	"Message": [{
		"Rule": "pageview",
		"REMOTE_HOST": "82.80.230.228",
		"URL": "/destinations/north-america/united-states/massachusetts.html",
		"HTTP_REFERER": "",
		"HTTPS": "off",
		"HTTP_USER_AGENT": "Mozilla/5.0 (compatible; MSIE 10.0; Windows NT 6.1; WOW64; Trident/6.0)",
		"QUERY_STRING": "",
		"HTTP_CONNECTION": "Keep-Alive",
		"REQUEST_METHOD": "GET",
		"HTTP_HOST": "www.travelingpantscruises.com"
	}]
}, {
	"EntryDate": "2016-11-19 01:50:52 -05:00",
	"Level": "WARN",
	"Message": [{
		"Rule": "hotelsbots",
		"REMOTE_HOST": "184.154.36.164",
		"URL": "/hotels-details.html",
		"HTTP_REFERER": "",
		"HTTPS": "off",
		"HTTP_USER_AGENT": "SiteLockSpider [en] (WinNT; I ;Nav)",
		"QUERY_STRING": "SearchObject=%7B%22HotelId%22%3A392204%2C%22rooms%22%3A1%2C%22totalChildren%22%3A0%2C%22numberOfResults%22%3A3%2C%22departureDate%22%3A%2211%2F20%2F2016%22%2C%22SortType%22%3A%22PROMO%22%2C%22roomGroup%22%3A%5B%7B%22numberOfChildren%22%3A0%2C%22numberOfAdults%22%3A1%7D%5D%2C%22arrivalDate%22%3A%2211%2F19%2F2016%22%2C%22totalAdults%22%3A1%2C%22regionId%22%3A2114%2C%22DestinationString%22%3A%22London%2C%20England%2C%20United%20Kingdom%22%7D",
		"HTTP_CONNECTION": "TE, close",
		"REQUEST_METHOD": "GET",
		"HTTP_HOST": "oldworldflavors.com"
	}]
}, {
	"EntryDate": "2016-11-19 02:37:49 -05:00",
	"Level": "WARN",
	"Message": [{
		"Rule": "pageview",
		"REMOTE_HOST": "82.80.249.156",
		"URL": "/destinations/south-america/peru/lima.html",
		"HTTP_REFERER": "http://www.usacruising.com/cruises/97-nights-world-cruise-4-south-pacific-reflections.html",
		"HTTPS": "off",
		"HTTP_USER_AGENT": "Mozilla/5.0 (Windows NT 6.1; WOW64; rv:33.0) Gecko/20100101 Firefox/33.0",
		"QUERY_STRING": "",
		"HTTP_CONNECTION": "",
		"REQUEST_METHOD": "GET",
		"HTTP_HOST": "usacruising.com"
	}]
}, {
	"EntryDate": "2016-11-19 03:07:50 -05:00",
	"Level": "WARN",
	"Message": [{
		"Rule": "hotelsbots",
		"REMOTE_HOST": "184.154.36.164",
		"URL": "/hotels-search.html",
		"HTTP_REFERER": "",
		"HTTPS": "off",
		"HTTP_USER_AGENT": "SiteLockSpider [en] (WinNT; I ;Nav)",
		"QUERY_STRING": "",
		"HTTP_CONNECTION": "TE, close",
		"REQUEST_METHOD": "GET",
		"HTTP_HOST": "coupdetattravelconsulting.com"
	}]
}, {
	"EntryDate": "2016-11-19 03:37:52 -05:00",
	"Level": "WARN",
	"Message": [{
		"Rule": "quote",
		"REMOTE_HOST": "45.34.153.162",
		"URL": "/send-to-a-friend.html",
		"HTTP_REFERER": "http://forevertravel.co/send-to-a-friend.html?seourl=18-day-rome-to-dubai&DealType=Promotion",
		"HTTPS": "off",
		"HTTP_USER_AGENT": "Mozilla/5.0 (Windows NT 6.1; Win64; x64) AppleWebKit/537.36 (KHTML, like Gecko) Chrome/53.0.2785.101 Safari/537.36",
		"QUERY_STRING": "",
		"HTTP_CONNECTION": "",
		"REQUEST_METHOD": "POST",
		"HTTP_HOST": "forevertravel.co"
	}]
}, {
	"EntryDate": "2016-11-19 03:40:38 -05:00",
	"Level": "WARN",
	"Message": [{
		"Rule": "quote",
		"REMOTE_HOST": "45.34.153.162",
		"URL": "/send-to-a-friend.html",
		"HTTP_REFERER": "http://forevertravel.co/send-to-a-friend.html?seourl=18-day-rome-to-dubai&DealType=Promotion",
		"HTTPS": "off",
		"HTTP_USER_AGENT": "Mozilla/5.0 (Windows NT 6.1; Win64; x64) AppleWebKit/537.36 (KHTML, like Gecko) Chrome/53.0.2785.101 Safari/537.36",
		"QUERY_STRING": "",
		"HTTP_CONNECTION": "",
		"REQUEST_METHOD": "POST",
		"HTTP_HOST": "forevertravel.co"
	}]
}, {
	"EntryDate": "2016-11-19 03:43:25 -05:00",
	"Level": "WARN",
	"Message": [{
		"Rule": "quote",
		"REMOTE_HOST": "45.34.153.162",
		"URL": "/send-to-a-friend.html",
		"HTTP_REFERER": "http://forevertravel.co/send-to-a-friend.html?seourl=18-day-rome-to-dubai&DealType=Promotion",
		"HTTPS": "off",
		"HTTP_USER_AGENT": "Mozilla/5.0 (Windows NT 6.1; Win64; x64) AppleWebKit/537.36 (KHTML, like Gecko) Chrome/53.0.2785.101 Safari/537.36",
		"QUERY_STRING": "",
		"HTTP_CONNECTION": "",
		"REQUEST_METHOD": "POST",
		"HTTP_HOST": "forevertravel.co"
	}]
}, {
	"EntryDate": "2016-11-19 03:46:12 -05:00",
	"Level": "WARN",
	"Message": [{
		"Rule": "quote",
		"REMOTE_HOST": "45.34.153.162",
		"URL": "/send-to-a-friend.html",
		"HTTP_REFERER": "http://forevertravel.co/send-to-a-friend.html?seourl=18-day-rome-to-dubai&DealType=Promotion",
		"HTTPS": "off",
		"HTTP_USER_AGENT": "Mozilla/5.0 (Windows NT 6.1; Win64; x64) AppleWebKit/537.36 (KHTML, like Gecko) Chrome/53.0.2785.101 Safari/537.36",
		"QUERY_STRING": "",
		"HTTP_CONNECTION": "",
		"REQUEST_METHOD": "POST",
		"HTTP_HOST": "forevertravel.co"
	}]
}, {
	"EntryDate": "2016-11-19 03:49:02 -05:00",
	"Level": "WARN",
	"Message": [{
		"Rule": "quote",
		"REMOTE_HOST": "45.34.153.162",
		"URL": "/send-to-a-friend.html",
		"HTTP_REFERER": "http://forevertravel.co/send-to-a-friend.html?seourl=18-day-rome-to-dubai&DealType=Promotion",
		"HTTPS": "off",
		"HTTP_USER_AGENT": "Mozilla/5.0 (Windows NT 6.1; Win64; x64) AppleWebKit/537.36 (KHTML, like Gecko) Chrome/53.0.2785.101 Safari/537.36",
		"QUERY_STRING": "",
		"HTTP_CONNECTION": "",
		"REQUEST_METHOD": "POST",
		"HTTP_HOST": "forevertravel.co"
	}]
}, {
	"EntryDate": "2016-11-19 03:51:48 -05:00",
	"Level": "WARN",
	"Message": [{
		"Rule": "quote",
		"REMOTE_HOST": "45.34.153.162",
		"URL": "/send-to-a-friend.html",
		"HTTP_REFERER": "http://forevertravel.co/send-to-a-friend.html?seourl=18-day-rome-to-dubai&DealType=Promotion",
		"HTTPS": "off",
		"HTTP_USER_AGENT": "Mozilla/5.0 (Windows NT 6.1; Win64; x64) AppleWebKit/537.36 (KHTML, like Gecko) Chrome/53.0.2785.101 Safari/537.36",
		"QUERY_STRING": "",
		"HTTP_CONNECTION": "",
		"REQUEST_METHOD": "POST",
		"HTTP_HOST": "forevertravel.co"
	}]
}, {
	"EntryDate": "2016-11-19 03:54:35 -05:00",
	"Level": "WARN",
	"Message": [{
		"Rule": "quote",
		"REMOTE_HOST": "45.34.153.162",
		"URL": "/send-to-a-friend.html",
		"HTTP_REFERER": "http://forevertravel.co/send-to-a-friend.html?seourl=18-day-rome-to-dubai&DealType=Promotion",
		"HTTPS": "off",
		"HTTP_USER_AGENT": "Mozilla/5.0 (Windows NT 6.1; Win64; x64) AppleWebKit/537.36 (KHTML, like Gecko) Chrome/53.0.2785.101 Safari/537.36",
		"QUERY_STRING": "",
		"HTTP_CONNECTION": "",
		"REQUEST_METHOD": "POST",
		"HTTP_HOST": "forevertravel.co"
	}]
}, {
	"EntryDate": "2016-11-19 03:57:16 -05:00",
	"Level": "WARN",
	"Message": [{
		"Rule": "quote",
		"REMOTE_HOST": "45.34.153.162",
		"URL": "/send-to-a-friend.html",
		"HTTP_REFERER": "http://forevertravel.co/send-to-a-friend.html?seourl=18-day-rome-to-dubai&DealType=Promotion",
		"HTTPS": "off",
		"HTTP_USER_AGENT": "Mozilla/5.0 (Windows NT 6.1; Win64; x64) AppleWebKit/537.36 (KHTML, like Gecko) Chrome/53.0.2785.101 Safari/537.36",
		"QUERY_STRING": "",
		"HTTP_CONNECTION": "",
		"REQUEST_METHOD": "POST",
		"HTTP_HOST": "forevertravel.co"
	}]
}, {
	"EntryDate": "2016-11-19 03:59:57 -05:00",
	"Level": "WARN",
	"Message": [{
		"Rule": "quote",
		"REMOTE_HOST": "45.34.153.162",
		"URL": "/send-to-a-friend.html",
		"HTTP_REFERER": "http://forevertravel.co/send-to-a-friend.html?seourl=18-day-rome-to-dubai&DealType=Promotion",
		"HTTPS": "off",
		"HTTP_USER_AGENT": "Mozilla/5.0 (Windows NT 6.1; Win64; x64) AppleWebKit/537.36 (KHTML, like Gecko) Chrome/53.0.2785.101 Safari/537.36",
		"QUERY_STRING": "",
		"HTTP_CONNECTION": "",
		"REQUEST_METHOD": "POST",
		"HTTP_HOST": "forevertravel.co"
	}]
}, {
	"EntryDate": "2016-11-19 04:03:17 -05:00",
	"Level": "WARN",
	"Message": [{
		"Rule": "quote",
		"REMOTE_HOST": "45.34.153.162",
		"URL": "/send-to-a-friend.html",
		"HTTP_REFERER": "http://forevertravel.co/send-to-a-friend.html?seourl=18-day-rome-to-dubai&DealType=Promotion",
		"HTTPS": "off",
		"HTTP_USER_AGENT": "Mozilla/5.0 (Windows NT 6.1; Win64; x64) AppleWebKit/537.36 (KHTML, like Gecko) Chrome/53.0.2785.101 Safari/537.36",
		"QUERY_STRING": "",
		"HTTP_CONNECTION": "",
		"REQUEST_METHOD": "POST",
		"HTTP_HOST": "forevertravel.co"
	}]
}, {
	"EntryDate": "2016-11-19 04:06:28 -05:00",
	"Level": "WARN",
	"Message": [{
		"Rule": "quote",
		"REMOTE_HOST": "45.34.153.162",
		"URL": "/send-to-a-friend.html",
		"HTTP_REFERER": "http://forevertravel.co/send-to-a-friend.html?seourl=18-day-rome-to-dubai&DealType=Promotion",
		"HTTPS": "off",
		"HTTP_USER_AGENT": "Mozilla/5.0 (Windows NT 6.1; Win64; x64) AppleWebKit/537.36 (KHTML, like Gecko) Chrome/53.0.2785.101 Safari/537.36",
		"QUERY_STRING": "",
		"HTTP_CONNECTION": "",
		"REQUEST_METHOD": "POST",
		"HTTP_HOST": "forevertravel.co"
	}]
}, {
	"EntryDate": "2016-11-19 04:09:30 -05:00",
	"Level": "WARN",
	"Message": [{
		"Rule": "quote",
		"REMOTE_HOST": "45.34.153.162",
		"URL": "/send-to-a-friend.html",
		"HTTP_REFERER": "http://forevertravel.co/send-to-a-friend.html?seourl=18-day-rome-to-dubai&DealType=Promotion",
		"HTTPS": "off",
		"HTTP_USER_AGENT": "Mozilla/5.0 (Windows NT 6.1; Win64; x64) AppleWebKit/537.36 (KHTML, like Gecko) Chrome/53.0.2785.101 Safari/537.36",
		"QUERY_STRING": "",
		"HTTP_CONNECTION": "",
		"REQUEST_METHOD": "POST",
		"HTTP_HOST": "forevertravel.co"
	}]
}, {
	"EntryDate": "2016-11-19 04:10:04 -05:00",
	"Level": "WARN",
	"Message": [{
		"Rule": "pageview",
		"REMOTE_HOST": "82.80.249.137",
		"URL": "/cruises/christmas-markets-of-austria-germany-and-switzerland-3.html",
		"HTTP_REFERER": "http://www.boundlessadventurestravel.com/news/the-travelpulse-100-best-us-airports-in-2016.html",
		"HTTPS": "off",
		"HTTP_USER_AGENT": "Mozilla/5.0 (Windows NT 6.1; rv:26.0) Gecko/20100101 Firefox/26.0",
		"QUERY_STRING": "",
		"HTTP_CONNECTION": "",
		"REQUEST_METHOD": "GET",
		"HTTP_HOST": "boundlessadventurestravel.com"
	}]
}, {
	"EntryDate": "2016-11-19 04:12:32 -05:00",
	"Level": "WARN",
	"Message": [{
		"Rule": "quote",
		"REMOTE_HOST": "45.34.153.162",
		"URL": "/send-to-a-friend.html",
		"HTTP_REFERER": "http://forevertravel.co/send-to-a-friend.html?seourl=18-day-rome-to-dubai&DealType=Promotion",
		"HTTPS": "off",
		"HTTP_USER_AGENT": "Mozilla/5.0 (Windows NT 6.1; Win64; x64) AppleWebKit/537.36 (KHTML, like Gecko) Chrome/53.0.2785.101 Safari/537.36",
		"QUERY_STRING": "",
		"HTTP_CONNECTION": "",
		"REQUEST_METHOD": "POST",
		"HTTP_HOST": "forevertravel.co"
	}]
}, {
	"EntryDate": "2016-11-19 04:15:36 -05:00",
	"Level": "WARN",
	"Message": [{
		"Rule": "quote",
		"REMOTE_HOST": "45.34.153.162",
		"URL": "/send-to-a-friend.html",
		"HTTP_REFERER": "http://forevertravel.co/send-to-a-friend.html?seourl=18-day-rome-to-dubai&DealType=Promotion",
		"HTTPS": "off",
		"HTTP_USER_AGENT": "Mozilla/5.0 (Windows NT 6.1; Win64; x64) AppleWebKit/537.36 (KHTML, like Gecko) Chrome/53.0.2785.101 Safari/537.36",
		"QUERY_STRING": "",
		"HTTP_CONNECTION": "",
		"REQUEST_METHOD": "POST",
		"HTTP_HOST": "forevertravel.co"
	}]
}, {
	"EntryDate": "2016-11-19 04:18:37 -05:00",
	"Level": "WARN",
	"Message": [{
		"Rule": "quote",
		"REMOTE_HOST": "45.34.153.162",
		"URL": "/send-to-a-friend.html",
		"HTTP_REFERER": "http://forevertravel.co/send-to-a-friend.html?seourl=18-day-rome-to-dubai&DealType=Promotion",
		"HTTPS": "off",
		"HTTP_USER_AGENT": "Mozilla/5.0 (Windows NT 6.1; Win64; x64) AppleWebKit/537.36 (KHTML, like Gecko) Chrome/53.0.2785.101 Safari/537.36",
		"QUERY_STRING": "",
		"HTTP_CONNECTION": "",
		"REQUEST_METHOD": "POST",
		"HTTP_HOST": "forevertravel.co"
	}]
}, {
	"EntryDate": "2016-11-19 04:22:08 -05:00",
	"Level": "WARN",
	"Message": [{
		"Rule": "quote",
		"REMOTE_HOST": "45.34.153.162",
		"URL": "/send-to-a-friend.html",
		"HTTP_REFERER": "http://forevertravel.co/send-to-a-friend.html?seourl=18-day-rome-to-dubai&DealType=Promotion",
		"HTTPS": "off",
		"HTTP_USER_AGENT": "Mozilla/5.0 (Windows NT 6.1; Win64; x64) AppleWebKit/537.36 (KHTML, like Gecko) Chrome/53.0.2785.101 Safari/537.36",
		"QUERY_STRING": "",
		"HTTP_CONNECTION": "",
		"REQUEST_METHOD": "POST",
		"HTTP_HOST": "forevertravel.co"
	}]
}, {
	"EntryDate": "2016-11-19 04:25:17 -05:00",
	"Level": "WARN",
	"Message": [{
		"Rule": "quote",
		"REMOTE_HOST": "45.34.153.162",
		"URL": "/send-to-a-friend.html",
		"HTTP_REFERER": "http://forevertravel.co/send-to-a-friend.html?seourl=18-day-rome-to-dubai&DealType=Promotion",
		"HTTPS": "off",
		"HTTP_USER_AGENT": "Mozilla/5.0 (Windows NT 6.1; Win64; x64) AppleWebKit/537.36 (KHTML, like Gecko) Chrome/53.0.2785.101 Safari/537.36",
		"QUERY_STRING": "",
		"HTTP_CONNECTION": "",
		"REQUEST_METHOD": "POST",
		"HTTP_HOST": "forevertravel.co"
	}]
}, {
	"EntryDate": "2016-11-19 04:28:15 -05:00",
	"Level": "WARN",
	"Message": [{
		"Rule": "quote",
		"REMOTE_HOST": "45.34.153.162",
		"URL": "/send-to-a-friend.html",
		"HTTP_REFERER": "http://forevertravel.co/send-to-a-friend.html?seourl=18-day-rome-to-dubai&DealType=Promotion",
		"HTTPS": "off",
		"HTTP_USER_AGENT": "Mozilla/5.0 (Windows NT 6.1; Win64; x64) AppleWebKit/537.36 (KHTML, like Gecko) Chrome/53.0.2785.101 Safari/537.36",
		"QUERY_STRING": "",
		"HTTP_CONNECTION": "",
		"REQUEST_METHOD": "POST",
		"HTTP_HOST": "forevertravel.co"
	}]
}, {
	"EntryDate": "2016-11-19 04:31:26 -05:00",
	"Level": "WARN",
	"Message": [{
		"Rule": "quote",
		"REMOTE_HOST": "45.34.153.162",
		"URL": "/send-to-a-friend.html",
		"HTTP_REFERER": "http://forevertravel.co/send-to-a-friend.html?seourl=18-day-rome-to-dubai&DealType=Promotion",
		"HTTPS": "off",
		"HTTP_USER_AGENT": "Mozilla/5.0 (Windows NT 6.1; Win64; x64) AppleWebKit/537.36 (KHTML, like Gecko) Chrome/53.0.2785.101 Safari/537.36",
		"QUERY_STRING": "",
		"HTTP_CONNECTION": "",
		"REQUEST_METHOD": "POST",
		"HTTP_HOST": "forevertravel.co"
	}]
}, {
	"EntryDate": "2016-11-19 04:34:37 -05:00",
	"Level": "WARN",
	"Message": [{
		"Rule": "quote",
		"REMOTE_HOST": "45.34.153.162",
		"URL": "/send-to-a-friend.html",
		"HTTP_REFERER": "http://forevertravel.co/send-to-a-friend.html?seourl=18-day-rome-to-dubai&DealType=Promotion",
		"HTTPS": "off",
		"HTTP_USER_AGENT": "Mozilla/5.0 (Windows NT 6.1; Win64; x64) AppleWebKit/537.36 (KHTML, like Gecko) Chrome/53.0.2785.101 Safari/537.36",
		"QUERY_STRING": "",
		"HTTP_CONNECTION": "",
		"REQUEST_METHOD": "POST",
		"HTTP_HOST": "forevertravel.co"
	}]
}, {
	"EntryDate": "2016-11-19 04:37:43 -05:00",
	"Level": "WARN",
	"Message": [{
		"Rule": "quote",
		"REMOTE_HOST": "45.34.153.162",
		"URL": "/send-to-a-friend.html",
		"HTTP_REFERER": "http://forevertravel.co/send-to-a-friend.html?seourl=18-day-rome-to-dubai&DealType=Promotion",
		"HTTPS": "off",
		"HTTP_USER_AGENT": "Mozilla/5.0 (Windows NT 6.1; Win64; x64) AppleWebKit/537.36 (KHTML, like Gecko) Chrome/53.0.2785.101 Safari/537.36",
		"QUERY_STRING": "",
		"HTTP_CONNECTION": "",
		"REQUEST_METHOD": "POST",
		"HTTP_HOST": "forevertravel.co"
	}]
}, {
	"EntryDate": "2016-11-19 04:41:21 -05:00",
	"Level": "WARN",
	"Message": [{
		"Rule": "quote",
		"REMOTE_HOST": "45.34.153.162",
		"URL": "/send-to-a-friend.html",
		"HTTP_REFERER": "http://forevertravel.co/send-to-a-friend.html?seourl=18-day-rome-to-dubai&DealType=Promotion",
		"HTTPS": "off",
		"HTTP_USER_AGENT": "Mozilla/5.0 (Windows NT 6.1; Win64; x64) AppleWebKit/537.36 (KHTML, like Gecko) Chrome/53.0.2785.101 Safari/537.36",
		"QUERY_STRING": "",
		"HTTP_CONNECTION": "",
		"REQUEST_METHOD": "POST",
		"HTTP_HOST": "forevertravel.co"
	}]
}, {
	"EntryDate": "2016-11-19 04:44:27 -05:00",
	"Level": "WARN",
	"Message": [{
		"Rule": "quote",
		"REMOTE_HOST": "45.34.153.162",
		"URL": "/send-to-a-friend.html",
		"HTTP_REFERER": "http://forevertravel.co/send-to-a-friend.html?seourl=18-day-rome-to-dubai&DealType=Promotion",
		"HTTPS": "off",
		"HTTP_USER_AGENT": "Mozilla/5.0 (Windows NT 6.1; Win64; x64) AppleWebKit/537.36 (KHTML, like Gecko) Chrome/53.0.2785.101 Safari/537.36",
		"QUERY_STRING": "",
		"HTTP_CONNECTION": "",
		"REQUEST_METHOD": "POST",
		"HTTP_HOST": "forevertravel.co"
	}]
}, {
	"EntryDate": "2016-11-19 04:47:32 -05:00",
	"Level": "WARN",
	"Message": [{
		"Rule": "quote",
		"REMOTE_HOST": "45.34.153.162",
		"URL": "/send-to-a-friend.html",
		"HTTP_REFERER": "http://forevertravel.co/send-to-a-friend.html?seourl=18-day-rome-to-dubai&DealType=Promotion",
		"HTTPS": "off",
		"HTTP_USER_AGENT": "Mozilla/5.0 (Windows NT 6.1; Win64; x64) AppleWebKit/537.36 (KHTML, like Gecko) Chrome/53.0.2785.101 Safari/537.36",
		"QUERY_STRING": "",
		"HTTP_CONNECTION": "",
		"REQUEST_METHOD": "POST",
		"HTTP_HOST": "forevertravel.co"
	}]
}, {
	"EntryDate": "2016-11-19 04:50:38 -05:00",
	"Level": "WARN",
	"Message": [{
		"Rule": "quote",
		"REMOTE_HOST": "45.34.153.162",
		"URL": "/send-to-a-friend.html",
		"HTTP_REFERER": "http://forevertravel.co/send-to-a-friend.html?seourl=18-day-rome-to-dubai&DealType=Promotion",
		"HTTPS": "off",
		"HTTP_USER_AGENT": "Mozilla/5.0 (Windows NT 6.1; Win64; x64) AppleWebKit/537.36 (KHTML, like Gecko) Chrome/53.0.2785.101 Safari/537.36",
		"QUERY_STRING": "",
		"HTTP_CONNECTION": "",
		"REQUEST_METHOD": "POST",
		"HTTP_HOST": "forevertravel.co"
	}]
}, {
	"EntryDate": "2016-11-19 04:53:48 -05:00",
	"Level": "WARN",
	"Message": [{
		"Rule": "quote",
		"REMOTE_HOST": "45.34.153.162",
		"URL": "/send-to-a-friend.html",
		"HTTP_REFERER": "http://forevertravel.co/send-to-a-friend.html?seourl=18-day-rome-to-dubai&DealType=Promotion",
		"HTTPS": "off",
		"HTTP_USER_AGENT": "Mozilla/5.0 (Windows NT 6.1; Win64; x64) AppleWebKit/537.36 (KHTML, like Gecko) Chrome/53.0.2785.101 Safari/537.36",
		"QUERY_STRING": "",
		"HTTP_CONNECTION": "",
		"REQUEST_METHOD": "POST",
		"HTTP_HOST": "forevertravel.co"
	}]
}, {
	"EntryDate": "2016-11-19 04:56:44 -05:00",
	"Level": "WARN",
	"Message": [{
		"Rule": "quote",
		"REMOTE_HOST": "45.34.153.162",
		"URL": "/send-to-a-friend.html",
		"HTTP_REFERER": "http://forevertravel.co/send-to-a-friend.html?seourl=18-day-rome-to-dubai&DealType=Promotion",
		"HTTPS": "off",
		"HTTP_USER_AGENT": "Mozilla/5.0 (Windows NT 6.1; Win64; x64) AppleWebKit/537.36 (KHTML, like Gecko) Chrome/53.0.2785.101 Safari/537.36",
		"QUERY_STRING": "",
		"HTTP_CONNECTION": "",
		"REQUEST_METHOD": "POST",
		"HTTP_HOST": "forevertravel.co"
	}]
}, {
	"EntryDate": "2016-11-19 04:59:42 -05:00",
	"Level": "WARN",
	"Message": [{
		"Rule": "quote",
		"REMOTE_HOST": "45.34.153.162",
		"URL": "/send-to-a-friend.html",
		"HTTP_REFERER": "http://forevertravel.co/send-to-a-friend.html?seourl=18-day-rome-to-dubai&DealType=Promotion",
		"HTTPS": "off",
		"HTTP_USER_AGENT": "Mozilla/5.0 (Windows NT 6.1; Win64; x64) AppleWebKit/537.36 (KHTML, like Gecko) Chrome/53.0.2785.101 Safari/537.36",
		"QUERY_STRING": "",
		"HTTP_CONNECTION": "",
		"REQUEST_METHOD": "POST",
		"HTTP_HOST": "forevertravel.co"
	}]
}, {
	"EntryDate": "2016-11-19 05:31:47 -05:00",
	"Level": "WARN",
	"Message": [{
		"Rule": "hotelsbots",
		"REMOTE_HOST": "184.154.139.23",
		"URL": "/hotels-details.html",
		"HTTP_REFERER": "",
		"HTTPS": "off",
		"HTTP_USER_AGENT": "SiteLockSpider [en] (WinNT; I ;Nav)",
		"QUERY_STRING": "Display=Rooms&SearchObject=%7B%22HotelId%22%3A275231%2C%22rooms%22%3A1%2C%22totalChildren%22%3A0%2C%22numberOfResults%22%3A3%2C%22departureDate%22%3A%2211%2F20%2F2016%22%2C%22SortType%22%3A%22PROMO%22%2C%22roomGroup%22%3A%5B%7B%22numberOfChildren%22%3A0%2C%22numberOfAdults%22%3A1%7D%5D%2C%22arrivalDate%22%3A%2211%2F19%2F2016%22%2C%22totalAdults%22%3A1%2C%22regionId%22%3A935%2C%22DestinationString%22%3A%22Cancun%2C%20Quintana%20Roo%2C%20Mexico%22%7D",
		"HTTP_CONNECTION": "TE, close",
		"REQUEST_METHOD": "GET",
		"HTTP_HOST": "besttravelagentonline.com"
	}]
}, {
	"EntryDate": "2016-11-19 08:32:22 -05:00",
	"Level": "WARN",
	"Message": [{
		"Rule": "hotelsbots",
		"REMOTE_HOST": "184.154.139.49",
		"URL": "/hotels-search.html",
		"HTTP_REFERER": "",
		"HTTPS": "off",
		"HTTP_USER_AGENT": "SiteLockSpider [en] (WinNT; I ;Nav)",
		"QUERY_STRING": "SearchObject=%7B%22hotelId%22%3A0%2C%22totalChildren%22%3A0%2C%22departureDate%22%3A%2211%2F20%2F2016%22%2C%22roomGroup%22%3A%5B%7B%22numberOfChildren%22%3A0%2C%22numberOfAdults%22%3A1%7D%5D%2C%22arrivalDate%22%3A%2211%2F19%2F2016%22%2C%22regionId%22%3A184245%2C%22DestinationString%22%3A%22Hong%20Kong%2C%20Hong%20Kong%22%2C%22currencyCode%22%3A%22USD%22%2C%22rooms%22%3A1%2C%22numberOfResults%22%3A3%2C%22locale%22%3A%22en%5Fus%22%2C%22SortType%22%3A%22PROMO%22%2C%22totalAdults%22%3A1%7D",
		"HTTP_CONNECTION": "TE, close",
		"REQUEST_METHOD": "GET",
		"HTTP_HOST": "travelexplorerelax.com"
	}]
}, {
	"EntryDate": "2016-11-19 08:49:27 -05:00",
	"Level": "WARN",
	"Message": [{
		"Rule": "ajaxclearlogonselectthemes",
		"REMOTE_HOST": "107.201.132.123",
		"URL": "/ajax.html",
		"HTTP_REFERER": "http://distinctivejourneystravelcom.agentstudio.com/control-panel/site-customization.html?CPAction=Theme",
		"HTTPS": "off",
		"HTTP_USER_AGENT": "Mozilla/5.0 (Windows NT 10.0; WOW64) AppleWebKit/537.36 (KHTML, like Gecko) Chrome/54.0.2840.99 Safari/537.36",
		"QUERY_STRING": "AjaxRequest=select_Themes",
		"HTTP_CONNECTION": "keep-alive",
		"REQUEST_METHOD": "POST",
		"HTTP_HOST": "distinctivejourneystravelcom.agentstudio.com"
	}]
}, {
	"EntryDate": "2016-11-19 08:50:14 -05:00",
	"Level": "WARN",
	"Message": [{
		"Rule": "hotelsbots",
		"REMOTE_HOST": "184.154.249.74",
		"URL": "/hotels-details.html",
		"HTTP_REFERER": "",
		"HTTPS": "off",
		"HTTP_USER_AGENT": "SiteLockSpider [en] (WinNT; I ;Nav)",
		"QUERY_STRING": "Display=Rooms&SearchObject=%7B%22HotelId%22%3A235986%2C%22rooms%22%3A1%2C%22totalChildren%22%3A0%2C%22numberOfResults%22%3A3%2C%22departureDate%22%3A%2211%2F20%2F2016%22%2C%22SortType%22%3A%22PROMO%22%2C%22roomGroup%22%3A%5B%7B%22numberOfChildren%22%3A0%2C%22numberOfAdults%22%3A1%7D%5D%2C%22arrivalDate%22%3A%2211%2F19%2F2016%22%2C%22totalAdults%22%3A1%2C%22regionId%22%3A2008%2C%22DestinationString%22%3A%22Las%20Vegas%2C%20Nevada%2C%20United%20States%20of%20America%22%7D",
		"HTTP_CONNECTION": "TE, close",
		"REQUEST_METHOD": "GET",
		"HTTP_HOST": "echevarriatravel.com"
	}]
}, {
	"EntryDate": "2016-11-19 08:52:02 -05:00",
	"Level": "WARN",
	"Message": [{
		"Rule": "ajaxclearlogonselectthemes",
		"REMOTE_HOST": "107.201.132.123",
		"URL": "/ajax.html",
		"HTTP_REFERER": "http://distinctivejourneystravelcom.agentstudio.com/control-panel/site-customization.html?CPAction=Theme",
		"HTTPS": "off",
		"HTTP_USER_AGENT": "Mozilla/5.0 (Windows NT 10.0; WOW64) AppleWebKit/537.36 (KHTML, like Gecko) Chrome/54.0.2840.99 Safari/537.36",
		"QUERY_STRING": "AjaxRequest=select_Themes",
		"HTTP_CONNECTION": "keep-alive",
		"REQUEST_METHOD": "POST",
		"HTTP_HOST": "distinctivejourneystravelcom.agentstudio.com"
	}]
}, {
	"EntryDate": "2016-11-19 09:02:33 -05:00",
	"Level": "WARN",
	"Message": [{
		"Rule": "ajaxclearlogonselectthemes",
		"REMOTE_HOST": "107.201.132.123",
		"URL": "/ajax.html",
		"HTTP_REFERER": "http://distinctivejourneystravelcom.agentstudio.com/control-panel/site-customization.html?CPAction=Theme",
		"HTTPS": "off",
		"HTTP_USER_AGENT": "Mozilla/5.0 (Windows NT 10.0; WOW64) AppleWebKit/537.36 (KHTML, like Gecko) Chrome/54.0.2840.99 Safari/537.36",
		"QUERY_STRING": "AjaxRequest=select_Themes",
		"HTTP_CONNECTION": "keep-alive",
		"REQUEST_METHOD": "POST",
		"HTTP_HOST": "distinctivejourneystravelcom.agentstudio.com"
	}]
}, {
	"EntryDate": "2016-11-19 13:16:21 -05:00",
	"Level": "WARN",
	"Message": [{
		"Rule": "pageview",
		"REMOTE_HOST": "82.80.230.228",
		"URL": "/request-quote.html",
		"HTTP_REFERER": "http://www.celebratingvacations.com/cruises/minneapolis-to-st-louis.html",
		"HTTPS": "off",
		"HTTP_USER_AGENT": "Opera/9.80 (Windows NT 6.1; WOW64) Presto/2.12.388 Version/12.16",
		"QUERY_STRING": "DealURL=minneapolis-to-st-louis&DealType=Cruise&Dates=7/23/17-7/31/17&Starting=4499",
		"HTTP_CONNECTION": "",
		"REQUEST_METHOD": "GET",
		"HTTP_HOST": "celebratingvacations.com"
	}]
}, {
	"EntryDate": "2016-11-19 14:13:01 -05:00",
	"Level": "WARN",
	"Message": [{
		"Rule": "ajaxclearlogonselectthemes",
		"REMOTE_HOST": "67.236.245.170",
		"URL": "/ajax.html",
		"HTTP_REFERER": "http://httpjoshuaschreineroutsideagentscom.agentstudio.com/control-panel/site-customization.html?CPAction=Theme",
		"HTTPS": "off",
		"HTTP_USER_AGENT": "Mozilla/5.0 (Windows NT 6.1; WOW64) AppleWebKit/537.36 (KHTML, like Gecko) Chrome/54.0.2840.99 Safari/537.36",
		"QUERY_STRING": "AjaxRequest=select_Themes",
		"HTTP_CONNECTION": "keep-alive",
		"REQUEST_METHOD": "POST",
		"HTTP_HOST": "httpjoshuaschreineroutsideagentscom.agentstudio.com"
	}]
}, {
	"EntryDate": "2016-11-19 15:34:07 -05:00",
	"Level": "WARN",
	"Message": [{
		"Rule": "ajaxclearlogonselectthemes",
		"REMOTE_HOST": "69.24.174.122",
		"URL": "/ajax.html",
		"HTTP_REFERER": "http://worldtraveladventures.agentstudio.com/control-panel/site-customization.html?CPAction=Theme",
		"HTTPS": "off",
		"HTTP_USER_AGENT": "Mozilla/5.0 (Windows NT 10.0; Win64; x64) AppleWebKit/537.36 (KHTML, like Gecko) Chrome/46.0.2486.0 Safari/537.36 Edge/13.10586",
		"QUERY_STRING": "AjaxRequest=select_Themes",
		"HTTP_CONNECTION": "Keep-Alive",
		"REQUEST_METHOD": "POST",
		"HTTP_HOST": "worldtraveladventures.agentstudio.com"
	}]
}, {
	"EntryDate": "2016-11-19 15:38:25 -05:00",
	"Level": "WARN",
	"Message": [{
		"Rule": "ajaxclearlogonselectthemes",
		"REMOTE_HOST": "69.24.174.122",
		"URL": "/ajax.html",
		"HTTP_REFERER": "http://worldtraveladventures.agentstudio.com/control-panel/site-customization.html?CPAction=Theme",
		"HTTPS": "off",
		"HTTP_USER_AGENT": "Mozilla/5.0 (Windows NT 10.0; Win64; x64) AppleWebKit/537.36 (KHTML, like Gecko) Chrome/46.0.2486.0 Safari/537.36 Edge/13.10586",
		"QUERY_STRING": "AjaxRequest=select_Themes",
		"HTTP_CONNECTION": "Keep-Alive",
		"REQUEST_METHOD": "POST",
		"HTTP_HOST": "worldtraveladventures.agentstudio.com"
	}]
}, {
	"EntryDate": "2016-11-19 16:12:20 -05:00",
	"Level": "WARN",
	"Message": [{
		"Rule": "pageview",
		"REMOTE_HOST": "82.80.249.158",
		"URL": "/news/costa-cruises-offers-flash-fares-for-last-minute-summer-europe-2015-bookings.html",
		"HTTP_REFERER": "http://www.aimsconsulting.travel/destinations/europe/lithuania.html",
		"HTTPS": "off",
		"HTTP_USER_AGENT": "Mozilla/5.0 (Windows NT 6.2; WOW64) AppleWebKit/537.36 (KHTML, like Gecko) Chrome/31.0.1650.63 Safari/537.36",
		"QUERY_STRING": "",
		"HTTP_CONNECTION": "",
		"REQUEST_METHOD": "GET",
		"HTTP_HOST": "www.aimsconsulting.travel"
	}]
}, {
	"EntryDate": "2016-11-19 16:20:02 -05:00",
	"Level": "WARN",
	"Message": [{
		"Rule": "pageview",
		"REMOTE_HOST": "82.80.249.158",
		"URL": "/cruises/9-night-expedition-cruise-3.html",
		"HTTP_REFERER": "http://aimsconsulting.travel/destinations/north-america/united-states/oregon/portland.html",
		"HTTPS": "off",
		"HTTP_USER_AGENT": "Mozilla/5.0 (compatible, MSIE 11, Windows NT 6.3; Trident/7.0; rv:11.0) like Gecko",
		"QUERY_STRING": "",
		"HTTP_CONNECTION": "",
		"REQUEST_METHOD": "GET",
		"HTTP_HOST": "aimsconsulting.travel"
	}]
}, {
	"EntryDate": "2016-11-19 17:57:30 -05:00",
	"Level": "WARN",
	"Message": [{
		"Rule": "pageview",
		"REMOTE_HOST": "82.80.230.228",
		"URL": "/send-to-a-friend.html",
		"HTTP_REFERER": "http://www.my4cornerstravel.com/promotions/london-paris-plus-paris-extension.html",
		"HTTPS": "off",
		"HTTP_USER_AGENT": "Mozilla/5.0 (Macintosh; Intel Mac OS X 10.9; rv:26.0) Gecko/20100101 Firefox/26.0",
		"QUERY_STRING": "seourl=london-paris-plus-paris-extension&DealType=Promotion",
		"HTTP_CONNECTION": "",
		"REQUEST_METHOD": "GET",
		"HTTP_HOST": "www.my4cornerstravel.com"
	}]
}, {
	"EntryDate": "2016-11-19 18:01:33 -05:00",
	"Level": "WARN",
	"Message": [{
		"Rule": "hotelsbots",
		"REMOTE_HOST": "108.163.224.114",
		"URL": "/hotels-details.html",
		"HTTP_REFERER": "",
		"HTTPS": "off",
		"HTTP_USER_AGENT": "SiteLockSpider [en] (WinNT; I ;Nav)",
		"QUERY_STRING": "Display=Rooms&SearchObject=%7B%22HotelId%22%3A239473%2C%22rooms%22%3A1%2C%22totalChildren%22%3A0%2C%22numberOfResults%22%3A3%2C%22departureDate%22%3A%2211%2F20%2F2016%22%2C%22SortType%22%3A%22PROMO%22%2C%22roomGroup%22%3A%5B%7B%22numberOfChildren%22%3A0%2C%22numberOfAdults%22%3A1%7D%5D%2C%22arrivalDate%22%3A%2211%2F19%2F2016%22%2C%22totalAdults%22%3A1%2C%22regionId%22%3A2693%2C%22DestinationString%22%3A%22Orlando%2C%20Florida%2C%20United%20States%20of%20America%22%7D",
		"HTTP_CONNECTION": "TE, close",
		"REQUEST_METHOD": "GET",
		"HTTP_HOST": "pandora.travel"
	}]
}, {
	"EntryDate": "2016-11-19 18:08:29 -05:00",
	"Level": "WARN",
	"Message": [{
		"Rule": "pageview",
		"REMOTE_HOST": "82.80.230.228",
		"URL": "/news/tourism-in-thailand-continues-to-be-resilient-despite-unrest.html",
		"HTTP_REFERER": "http://my4cornerstravel.com/destinations/asia/thailand/phuket.html",
		"HTTPS": "off",
		"HTTP_USER_AGENT": "Mozilla/5.0 (Macintosh; Intel Mac OS X 10_6_8) AppleWebKit/534.59.10 (KHTML, like Gecko) Version/5.1.9 Safari/534.59.10",
		"QUERY_STRING": "",
		"HTTP_CONNECTION": "",
		"REQUEST_METHOD": "GET",
		"HTTP_HOST": "my4cornerstravel.com"
	}]
}, {
	"EntryDate": "2016-11-19 23:34:23 -05:00",
	"Level": "WARN",
	"Message": [{
		"Rule": "hotelsbots",
		"REMOTE_HOST": "184.154.248.106",
		"URL": "/hotels-details.html",
		"HTTP_REFERER": "",
		"HTTPS": "off",
		"HTTP_USER_AGENT": "SiteLockSpider [en] (WinNT; I ;Nav)",
		"QUERY_STRING": "Display=Rooms&SearchObject=%7B%22HotelId%22%3A235986%2C%22rooms%22%3A1%2C%22totalChildren%22%3A0%2C%22numberOfResults%22%3A3%2C%22departureDate%22%3A%2211%2F20%2F2016%22%2C%22SortType%22%3A%22PROMO%22%2C%22roomGroup%22%3A%5B%7B%22numberOfChildren%22%3A0%2C%22numberOfAdults%22%3A1%7D%5D%2C%22arrivalDate%22%3A%2211%2F19%2F2016%22%2C%22totalAdults%22%3A1%2C%22regionId%22%3A2008%2C%22DestinationString%22%3A%22Las%20Vegas%2C%20Nevada%2C%20United%20States%20of%20America%22%7D",
		"HTTP_CONNECTION": "TE, close",
		"REQUEST_METHOD": "GET",
		"HTTP_HOST": "irishcuetravel.com"
	}]
},