{
	"EntryDate": "2016-11-15 00:49:28 -05:00",
	"Level": "WARN",
	"Message": [{
		"Rule": "pageview",
		"REMOTE_HOST": "82.80.230.228",
		"URL": "/news/melbourne-australia-remains-worlds-most-livable-city.html",
		"HTTP_REFERER": "http://www.kristyleatravel.com/destinations/pacific/australia/adelaide.html",
		"HTTPS": "off",
		"HTTP_USER_AGENT": "Mozilla/5.0 (Windows NT 6.1; rv:25.0) Gecko/20100101 Firefox/25.0",
		"QUERY_STRING": "",
		"HTTP_CONNECTION": "",
		"REQUEST_METHOD": "GET",
		"HTTP_HOST": "www.kristyleatravel.com"
	}]
}, {
	"EntryDate": "2016-11-15 01:09:46 -05:00",
	"Level": "WARN",
	"Message": [{
		"Rule": "pageview",
		"REMOTE_HOST": "82.80.230.228",
		"URL": "/promotions.html",
		"HTTP_REFERER": "",
		"HTTPS": "off",
		"HTTP_USER_AGENT": "Mozilla/5.0 (Windows NT 6.2; Win64; x64; rv:36.0) Gecko/20100101 Firefox/36.0",
		"QUERY_STRING": "",
		"HTTP_CONNECTION": "Keep-Alive",
		"REQUEST_METHOD": "GET",
		"HTTP_HOST": "customtravelplanners.org"
	}]
}, {
	"EntryDate": "2016-11-15 01:50:49 -05:00",
	"Level": "WARN",
	"Message": [{
		"Rule": "hotelsbots",
		"REMOTE_HOST": "184.154.139.22",
		"URL": "/hotels-search.html",
		"HTTP_REFERER": "",
		"HTTPS": "off",
		"HTTP_USER_AGENT": "SiteLockSpider [en] (WinNT; I ;Nav)",
		"QUERY_STRING": "",
		"HTTP_CONNECTION": "TE, close",
		"REQUEST_METHOD": "GET",
		"HTTP_HOST": "oldworldflavors.com"
	}]
}, {
	"EntryDate": "2016-11-15 02:01:40 -05:00",
	"Level": "WARN",
	"Message": [{
		"Rule": "hotelsbots",
		"REMOTE_HOST": "184.154.139.22",
		"URL": "/hotels-details.html",
		"HTTP_REFERER": "",
		"HTTPS": "off",
		"HTTP_USER_AGENT": "SiteLockSpider [en] (WinNT; I ;Nav)",
		"QUERY_STRING": "Display=Rooms&SearchObject=%7B%22HotelId%22%3A140473%2C%22rooms%22%3A1%2C%22totalChildren%22%3A0%2C%22numberOfResults%22%3A3%2C%22departureDate%22%3A%2211%2F16%2F2016%22%2C%22SortType%22%3A%22PROMO%22%2C%22roomGroup%22%3A%5B%7B%22numberOfChildren%22%3A0%2C%22numberOfAdults%22%3A1%7D%5D%2C%22arrivalDate%22%3A%2211%2F15%2F2016%22%2C%22totalAdults%22%3A1%2C%22regionId%22%3A2008%2C%22DestinationString%22%3A%22Las%20Vegas%2C%20Nevada%2C%20United%20States%20of%20America%22%7D",
		"HTTP_CONNECTION": "TE, close",
		"REQUEST_METHOD": "GET",
		"HTTP_HOST": "oaklandtravelagency.com"
	}]
}, {
	"EntryDate": "2016-11-15 03:01:06 -05:00",
	"Level": "WARN",
	"Message": [{
		"Rule": "hotelsbots",
		"REMOTE_HOST": "184.154.36.167",
		"URL": "/hotels-search.html",
		"HTTP_REFERER": "",
		"HTTPS": "off",
		"HTTP_USER_AGENT": "SiteLockSpider [en] (WinNT; I ;Nav)",
		"QUERY_STRING": "SearchObject=%7B%22hotelId%22%3A0%2C%22totalChildren%22%3A0%2C%22departureDate%22%3A%2211%2F16%2F2016%22%2C%22roomGroup%22%3A%5B%7B%22numberOfChildren%22%3A0%2C%22numberOfAdults%22%3A1%7D%5D%2C%22arrivalDate%22%3A%2211%2F15%2F2016%22%2C%22regionId%22%3A604%2C%22DestinationString%22%3A%22Bangkok%2C%20Thailand%22%2C%22currencyCode%22%3A%22USD%22%2C%22rooms%22%3A1%2C%22numberOfResults%22%3A3%2C%22locale%22%3A%22en%5Fus%22%2C%22SortType%22%3A%22PROMO%22%2C%22totalAdults%22%3A1%7D",
		"HTTP_CONNECTION": "TE, close",
		"REQUEST_METHOD": "GET",
		"HTTP_HOST": "coupdetattravelconsulting.com"
	}]
}, {
	"EntryDate": "2016-11-15 03:53:42 -05:00",
	"Level": "WARN",
	"Message": [{
		"Rule": "pageview",
		"REMOTE_HOST": "82.80.230.228",
		"URL": "/news/tom-cruises-mission-impossible-rogue-nation-also-stars-magical-morocco-and-vienna.html",
		"HTTP_REFERER": "http://travelconnectandmore.com/news/tom-cruises-mission-impossible-rogue-nation-also-stars-magical-morocco-and-vienna.html",
		"HTTPS": "off",
		"HTTP_USER_AGENT": "Mozilla/5.0 (X11; Linux x86_64; rv:26.0) Gecko/20100101 Firefox/26.0",
		"QUERY_STRING": "ForceDesktopMode=true",
		"HTTP_CONNECTION": "",
		"REQUEST_METHOD": "GET",
		"HTTP_HOST": "travelconnectandmore.com"
	}]
}, {
	"EntryDate": "2016-11-15 05:04:01 -05:00",
	"Level": "WARN",
	"Message": [{
		"Rule": "pageview",
		"REMOTE_HOST": "82.80.230.228",
		"URL": "/news/comic-con-fans-take-to-the-sea-with-new-theme-cruises.html",
		"HTTP_REFERER": "http://www.suitedreamztravel.com/destinations/asia/singapore.html",
		"HTTPS": "off",
		"HTTP_USER_AGENT": "Mozilla/5.0 (Windows NT 6.1; WOW64; rv:27.3) Gecko/20100101 Firefox/27.3",
		"QUERY_STRING": "",
		"HTTP_CONNECTION": "",
		"REQUEST_METHOD": "GET",
		"HTTP_HOST": "suitedreamztravel.com"
	}]
}, {
	"EntryDate": "2016-11-15 06:36:30 -05:00",
	"Level": "WARN",
	"Message": [{
		"Rule": "hotelsbots",
		"REMOTE_HOST": "184.154.139.23",
		"URL": "/hotels-details.html",
		"HTTP_REFERER": "",
		"HTTPS": "off",
		"HTTP_USER_AGENT": "SiteLockSpider [en] (WinNT; I ;Nav)",
		"QUERY_STRING": "SearchObject=%7B%22HotelId%22%3A215193%2C%22rooms%22%3A1%2C%22totalChildren%22%3A0%2C%22numberOfResults%22%3A3%2C%22departureDate%22%3A%2211%2F11%2F2016%22%2C%22SortType%22%3A%22PROMO%22%2C%22roomGroup%22%3A%5B%7B%22numberOfChildren%22%3A0%2C%22numberOfAdults%22%3A1%7D%5D%2C%22arrivalDate%22%3A%2211%2F10%2F2016%22%2C%22totalAdults%22%3A1%2C%22regionId%22%3A3023%2C%22DestinationString%22%3A%22Rome%2C%20Italy%22%7D",
		"HTTP_CONNECTION": "TE, close",
		"REQUEST_METHOD": "GET",
		"HTTP_HOST": "www.daydreamergotravel.com"
	}]
}, {
	"EntryDate": "2016-11-15 08:34:53 -05:00",
	"Level": "WARN",
	"Message": [{
		"Rule": "hotelsbots",
		"REMOTE_HOST": "184.154.36.164",
		"URL": "/hotels-search.html",
		"HTTP_REFERER": "",
		"HTTPS": "off",
		"HTTP_USER_AGENT": "SiteLockSpider [en] (WinNT; I ;Nav)",
		"QUERY_STRING": "",
		"HTTP_CONNECTION": "TE, close",
		"REQUEST_METHOD": "GET",
		"HTTP_HOST": "www.serenitytravelconcierge.com"
	}]
}, {
	"EntryDate": "2016-11-15 08:35:12 -05:00",
	"Level": "WARN",
	"Message": [{
		"Rule": "hotelsbots",
		"REMOTE_HOST": "184.154.139.49",
		"URL": "/hotels-search.html",
		"HTTP_REFERER": "",
		"HTTPS": "off",
		"HTTP_USER_AGENT": "SiteLockSpider [en] (WinNT; I ;Nav)",
		"QUERY_STRING": "SearchObject=%7B%22hotelId%22%3A0%2C%22totalChildren%22%3A0%2C%22departureDate%22%3A%2211%2F16%2F2016%22%2C%22roomGroup%22%3A%5B%7B%22numberOfChildren%22%3A0%2C%22numberOfAdults%22%3A1%7D%5D%2C%22arrivalDate%22%3A%2211%2F15%2F2016%22%2C%22regionId%22%3A660%2C%22DestinationString%22%3A%22Boston%2C%20Massachusetts%2C%20United%20States%20of%20America%22%2C%22currencyCode%22%3A%22USD%22%2C%22rooms%22%3A1%2C%22numberOfResults%22%3A3%2C%22locale%22%3A%22en%5Fus%22%2C%22SortType%22%3A%22PROMO%22%2C%22totalAdults%22%3A1%7D",
		"HTTP_CONNECTION": "TE, close",
		"REQUEST_METHOD": "GET",
		"HTTP_HOST": "travelexplorerelax.com"
	}]
}, {
	"EntryDate": "2016-11-15 08:37:28 -05:00",
	"Level": "WARN",
	"Message": [{
		"Rule": "hotelsbots",
		"REMOTE_HOST": "184.154.248.106",
		"URL": "/hotels-details.html",
		"HTTP_REFERER": "",
		"HTTPS": "off",
		"HTTP_USER_AGENT": "SiteLockSpider [en] (WinNT; I ;Nav)",
		"QUERY_STRING": "SearchObject=%7B%22HotelId%22%3A350907%2C%22rooms%22%3A1%2C%22totalChildren%22%3A0%2C%22numberOfResults%22%3A3%2C%22departureDate%22%3A%2211%2F16%2F2016%22%2C%22SortType%22%3A%22PROMO%22%2C%22roomGroup%22%3A%5B%7B%22numberOfChildren%22%3A0%2C%22numberOfAdults%22%3A1%7D%5D%2C%22arrivalDate%22%3A%2211%2F15%2F2016%22%2C%22totalAdults%22%3A1%2C%22regionId%22%3A184245%2C%22DestinationString%22%3A%22Hong%20Kong%2C%20Hong%20Kong%22%7D",
		"HTTP_CONNECTION": "TE, close",
		"REQUEST_METHOD": "GET",
		"HTTP_HOST": "echevarriatravel.com"
	}]
}, {
	"EntryDate": "2016-11-15 10:01:12 -05:00",
	"Level": "WARN",
	"Message": [{
		"Rule": "ajaxuploadlogo",
		"REMOTE_HOST": "82.80.230.228",
		"URL": "/request-quote.html",
		"HTTP_REFERER": "http://dreamtravel4you.com/promotions/christmas-markets-of-strasbourg-and-the-black-forest-2.html",
		"HTTPS": "off",
		"HTTP_USER_AGENT": "Mozilla/5.0 (Macintosh; Intel Mac OS X 10_6_8) AppleWebKit/534.59.10 (KHTML, like Gecko) Version/5.1.9 Safari/534.59.10",
		"QUERY_STRING": "DealURL=christmas-markets-of-strasbourg-and-the-black-forest-2&DealType=Promotion",
		"HTTP_CONNECTION": "",
		"REQUEST_METHOD": "GET",
		"HTTP_HOST": "dreamtravel4you.com"
	}]
}, {
	"EntryDate": "2016-11-15 10:01:13 -05:00",
	"Level": "WARN",
	"Message": [{
		"Rule": "signin",
		"REMOTE_HOST": "82.80.230.228",
		"URL": "/tours/early-booking-bonus-peak-season-2018-promotion.html",
		"HTTP_REFERER": "http://dreamtravel4you.com/promotions/17-day-panama-canal-connoisseur.html",
		"HTTPS": "off",
		"HTTP_USER_AGENT": "Mozilla/5.0 (Windows NT 6.1; rv:25.0) Gecko/20100101 Firefox/25.0",
		"QUERY_STRING": "",
		"HTTP_CONNECTION": "",
		"REQUEST_METHOD": "GET",
		"HTTP_HOST": "dreamtravel4you.com"
	}]
}, {
	"EntryDate": "2016-11-15 10:01:14 -05:00",
	"Level": "WARN",
	"Message": [{
		"Rule": "ajaxprocessinlinecontentediting",
		"REMOTE_HOST": "82.80.230.228",
		"URL": "/request-quote.html",
		"HTTP_REFERER": "http://dreamtravel4you.com/cruises/louisville-to-alton-st-louis.html",
		"HTTPS": "off",
		"HTTP_USER_AGENT": "Mozilla/5.0 (Windows NT 6.3; WOW64) AppleWebKit/537.36 (KHTML, like Gecko) Chrome/32.0.1700.72 Safari/537.36",
		"QUERY_STRING": "DealURL=louisville-to-alton-st-louis&DealType=Cruise&Dates=7/16/17-7/24/17&Starting=4499",
		"HTTP_CONNECTION": "",
		"REQUEST_METHOD": "GET",
		"HTTP_HOST": "dreamtravel4you.com"
	}]
}, {
	"EntryDate": "2016-11-15 10:01:25 -05:00",
	"Level": "WARN",
	"Message": [{
		"Rule": "search",
		"REMOTE_HOST": "82.80.230.228",
		"URL": "/news/windstar-cruises-tempts-tastebuds-with-james-beard-foundation-collection.html",
		"HTTP_REFERER": "http://www.dreamtravel4you.com/destinations/africa/morocco/agadir.html",
		"HTTPS": "off",
		"HTTP_USER_AGENT": "Mozilla/5.0 (Macintosh; Intel Mac OS X 10_9_1) AppleWebKit/537.36 (KHTML, like Gecko) Chrome/31.0.1650.63 Safari/537.36",
		"QUERY_STRING": "",
		"HTTP_CONNECTION": "",
		"REQUEST_METHOD": "GET",
		"HTTP_HOST": "www.dreamtravel4you.com"
	}]
}, {
	"EntryDate": "2016-11-15 10:01:28 -05:00",
	"Level": "WARN",
	"Message": [{
		"Rule": "ajaxdealpaging",
		"REMOTE_HOST": "82.80.230.228",
		"URL": "/destinations/africa.html",
		"HTTP_REFERER": "http://www.dreamtravel4you.com/destinations/africa.html",
		"HTTPS": "off",
		"HTTP_USER_AGENT": "Mozilla/5.0 (Macintosh; Intel Mac OS X 10_7_5) AppleWebKit/537.71 (KHTML, like Gecko) Version/6.1 Safari/537.71",
		"QUERY_STRING": "SelectedVideo=8e6f2b07-6008-4fca-ad9e-7cba8ce510f9",
		"HTTP_CONNECTION": "",
		"REQUEST_METHOD": "GET",
		"HTTP_HOST": "www.dreamtravel4you.com"
	}]
}, {
	"EntryDate": "2016-11-15 10:01:33 -05:00",
	"Level": "WARN",
	"Message": [{
		"Rule": "ajaxuploadlogo",
		"REMOTE_HOST": "78.46.174.55",
		"URL": "/send-to-a-friend.html",
		"HTTP_REFERER": "",
		"HTTPS": "off",
		"HTTP_USER_AGENT": "Mozilla/5.0 (compatible; MegaIndex.ru/2.0; +http://megaindex.com/crawler)",
		"QUERY_STRING": "seourl=riu-caribe-all-inclusive-8&DealType=Promotion",
		"HTTP_CONNECTION": "",
		"REQUEST_METHOD": "GET",
		"HTTP_HOST": "2getawaytravel.com"
	}]
}, {
	"EntryDate": "2016-11-15 10:01:39 -05:00",
	"Level": "WARN",
	"Message": [{
		"Rule": "ajaxclearlogonselectthemes",
		"REMOTE_HOST": "208.43.225.84",
		"URL": "/cruises/11-night-europe-cruise-35.html",
		"HTTP_REFERER": "",
		"HTTPS": "off",
		"HTTP_USER_AGENT": "Mozilla/5.0 (compatible; SiteExplorer/1.1b; +http://siteexplorer.info/Backlink-Checker-Spider/)",
		"QUERY_STRING": "",
		"HTTP_CONNECTION": "Keep-Alive",
		"REQUEST_METHOD": "GET",
		"HTTP_HOST": "eratravelusa.com"
	}]
}, {
	"EntryDate": "2016-11-15 10:01:40 -05:00",
	"Level": "WARN",
	"Message": [{
		"Rule": "ajaxhotelresultpaging",
		"REMOTE_HOST": "82.80.230.228",
		"URL": "/cruises/7-day-bordeaux-the-wine-region-beyond-new-years.html",
		"HTTP_REFERER": "http://www.dreamtravel4you.com/news/travelers-can-now-earn-stash-hotel-rewards-points-just-about-anywhere.html",
		"HTTPS": "off",
		"HTTP_USER_AGENT": "Mozilla/5.0 (Windows NT 6.2; WOW64) AppleWebKit/537.36 (KHTML, like Gecko) Chrome/31.0.1650.63 Safari/537.36",
		"QUERY_STRING": "",
		"HTTP_CONNECTION": "",
		"REQUEST_METHOD": "GET",
		"HTTP_HOST": "www.dreamtravel4you.com"
	}]
}, {
	"EntryDate": "2016-11-15 10:01:42 -05:00",
	"Level": "WARN",
	"Message": [{
		"Rule": "ajaxprocessblogcomment",
		"REMOTE_HOST": "5.9.98.130",
		"URL": "/tours/great-italian-cities-summer-2017.html",
		"HTTP_REFERER": "",
		"HTTPS": "off",
		"HTTP_USER_AGENT": "Mozilla/5.0 (compatible; MegaIndex.ru/2.0; +http://megaindex.com/crawler)",
		"QUERY_STRING": "",
		"HTTP_CONNECTION": "",
		"REQUEST_METHOD": "GET",
		"HTTP_HOST": "countrydavetravel.com"
	}]
}, {
	"EntryDate": "2016-11-15 10:01:50 -05:00",
	"Level": "WARN",
	"Message": [{
		"Rule": "ajaxclearlogonselectthemes",
		"REMOTE_HOST": "94.19.248.201",
		"URL": "/jakarta/isapi_redirect.dll",
		"HTTP_REFERER": "http://travelhub.agentstudio.com/planyourtrip.html",
		"HTTPS": "off",
		"HTTP_USER_AGENT": "Mozilla/5.0 (Windows NT 6.1; WOW64; rv:49.0) Gecko/20100101 Firefox/49.0",
		"QUERY_STRING": "",
		"HTTP_CONNECTION": "keep-alive",
		"REQUEST_METHOD": "GET",
		"HTTP_HOST": "travelhub.agentstudio.com"
	}]
}, {
	"EntryDate": "2016-11-15 10:01:55 -05:00",
	"Level": "WARN",
	"Message": [{
		"Rule": "ajaxprocesscontactform",
		"REMOTE_HOST": "78.46.174.55",
		"URL": "/tours/spectacular-bay-of-islands-summer-2017.html",
		"HTTP_REFERER": "",
		"HTTPS": "off",
		"HTTP_USER_AGENT": "Mozilla/5.0 (compatible; MegaIndex.ru/2.0; +http://megaindex.com/crawler)",
		"QUERY_STRING": "ForceDesktopMode=true",
		"HTTP_CONNECTION": "",
		"REQUEST_METHOD": "GET",
		"HTTP_HOST": "2getawaytravel.com"
	}]
}, {
	"EntryDate": "2016-11-15 10:01:55 -05:00",
	"Level": "WARN",
	"Message": {
		"Rule": "ajaxhotelbasesearch",
		"REMOTE_HOST": "82.80.230.228",
		"URL": "/news/8-reasons-europe-should-be-on-your-travel-radar.html",
		"HTTP_REFERER": "http://www.dreamtravel4you.com/destinations/north-america/united-states/california/san-francisco.html",
		"HTTPS": "off",
		"HTTP_USER_AGENT": "Mozilla/5.0 (Windows NT 6.1; WOW64; Trident/7.0; rv:11.0) like Gecko",
		"QUERY_STRING": "",
		"HTTP_CONNECTION": "",
		"REQUEST_METHOD": "GET",
		"HTTP_HOST": "www.dreamtravel4you.com"
	}
}, {
	"EntryDate": "2016-11-15 10:02:01 -05:00",
	"Level": "WARN",
	"Message": [{
		"Rule": "ajaxuploadlogo",
		"REMOTE_HOST": "207.46.13.6",
		"URL": "/tours/sensational-southeast-asia-with-chiang-mai.html",
		"HTTP_REFERER": "",
		"HTTPS": "off",
		"HTTP_USER_AGENT": "Mozilla/5.0 (compatible; bingbot/2.0; +http://www.bing.com/bingbot.htm)",
		"QUERY_STRING": "",
		"HTTP_CONNECTION": "Keep-Alive",
		"REQUEST_METHOD": "GET",
		"HTTP_HOST": "travelwizards.com"
	}]
}, {
	"EntryDate": "2016-11-15 10:02:02 -05:00",
	"Level": "WARN",
	"Message": [{
		"Rule": "ajaxprocesscontactform",
		"REMOTE_HOST": "5.9.98.130",
		"URL": "/news/weekend-getaways-teddy-bears-on-parade.html",
		"HTTP_REFERER": "",
		"HTTPS": "off",
		"HTTP_USER_AGENT": "Mozilla/5.0 (compatible; MegaIndex.ru/2.0; +http://megaindex.com/crawler)",
		"QUERY_STRING": "",
		"HTTP_CONNECTION": "",
		"REQUEST_METHOD": "GET",
		"HTTP_HOST": "worldaccents.com"
	}]
}, {
	"EntryDate": "2016-11-15 10:02:03 -05:00",
	"Level": "WARN",
	"Message": [{
		"Rule": "ajaxuploadlogo",
		"REMOTE_HOST": "45.55.147.243",
		"URL": "/destinations/central-america/belize.html",
		"HTTP_REFERER": "http://greattime-travel.com/tours/january-sale-2.html",
		"HTTPS": "off",
		"HTTP_USER_AGENT": "Mozilla/5.0 (compatible; spbot/5.0.3; +http://OpenLinkProfiler.org/bot )",
		"QUERY_STRING": "",
		"HTTP_CONNECTION": "close",
		"REQUEST_METHOD": "GET",
		"HTTP_HOST": "greattime-travel.com"
	}]
}, {
	"EntryDate": "2016-11-15 10:02:03 -05:00",
	"Level": "WARN",
	"Message": [{
		"Rule": "ajaxprocessblogcomment",
		"REMOTE_HOST": "45.55.147.243",
		"URL": "/destinations/central-america/belize.html",
		"HTTP_REFERER": "http://greattime-travel.com/tours/january-sale-2.html",
		"HTTPS": "off",
		"HTTP_USER_AGENT": "Mozilla/5.0 (compatible; spbot/5.0.3; +http://OpenLinkProfiler.org/bot )",
		"QUERY_STRING": "",
		"HTTP_CONNECTION": "close",
		"REQUEST_METHOD": "GET",
		"HTTP_HOST": "greattime-travel.com"
	}]
}, {
	"EntryDate": "2016-11-15 10:02:10 -05:00",
	"Level": "WARN",
	"Message": [{
		"Rule": "ajaxprocessinlinecontentediting",
		"REMOTE_HOST": "5.9.98.130",
		"URL": "/news/east-coast-west-coast-choose-a-cruise-and-escape-the-heat.html",
		"HTTP_REFERER": "",
		"HTTPS": "off",
		"HTTP_USER_AGENT": "Mozilla/5.0 (compatible; MegaIndex.ru/2.0; +http://megaindex.com/crawler)",
		"QUERY_STRING": "",
		"HTTP_CONNECTION": "",
		"REQUEST_METHOD": "GET",
		"HTTP_HOST": "funnparadise.com"
	}]
}, {
	"EntryDate": "2016-11-15 10:02:12 -05:00",
	"Level": "WARN",
	"Message": [{
		"Rule": "ajaxuploadlogo",
		"REMOTE_HOST": "104.193.88.244",
		"URL": "/cruises/7-night-exotic-eastern-caribbean-5.html",
		"HTTP_REFERER": "",
		"HTTPS": "off",
		"HTTP_USER_AGENT": "Mozilla/5.0 (Windows NT 10.0; WOW64) AppleWebKit/537.36 (KHTML, like Gecko) Chrome/45.0.2454.93 Safari/537.36",
		"QUERY_STRING": "",
		"HTTP_CONNECTION": "",
		"REQUEST_METHOD": "GET",
		"HTTP_HOST": "destinationsandbeyond.com"
	}]
}, {
	"EntryDate": "2016-11-15 10:02:13 -05:00",
	"Level": "WARN",
	"Message": [{
		"Rule": "ajaxuploadlogo",
		"REMOTE_HOST": "82.80.230.228",
		"URL": "/destinations/asia/vietnam.html",
		"HTTP_REFERER": "http://www.dreamtravel4you.com/cruises/20-night-south-pacific-cruise-3.html",
		"HTTPS": "off",
		"HTTP_USER_AGENT": "Mozilla/5.0 (Windows NT 6.3; WOW64) AppleWebKit/537.36 (KHTML, like Gecko) Chrome/32.0.1700.72 Safari/537.36",
		"QUERY_STRING": "",
		"HTTP_CONNECTION": "",
		"REQUEST_METHOD": "GET",
		"HTTP_HOST": "www.dreamtravel4you.com"
	}]
}, {
	"EntryDate": "2016-11-15 10:02:14 -05:00",
	"Level": "WARN",
	"Message": [{
		"Rule": "ajaxclearlogonselectthemes",
		"REMOTE_HOST": "136.243.172.11",
		"URL": "/destinations/caribbean/aruba.html",
		"HTTP_REFERER": "http://echevarriatravel.com/tours/2017-resort-credits-promotion.html",
		"HTTPS": "off",
		"HTTP_USER_AGENT": "Mozilla/5.0 (compatible; SEOkicks-Robot; +http://www.seokicks.de/robot.html)",
		"QUERY_STRING": "",
		"HTTP_CONNECTION": "close",
		"REQUEST_METHOD": "GET",
		"HTTP_HOST": "echevarriatravel.com"
	}]
}, {
	"EntryDate": "2016-11-15 10:02:14 -05:00",
	"Level": "WARN",
	"Message": [{
		"Rule": "ajaxuploadlogo",
		"REMOTE_HOST": "136.243.172.11",
		"URL": "/destinations/caribbean/aruba.html",
		"HTTP_REFERER": "http://echevarriatravel.com/tours/2017-resort-credits-promotion.html",
		"HTTPS": "off",
		"HTTP_USER_AGENT": "Mozilla/5.0 (compatible; SEOkicks-Robot; +http://www.seokicks.de/robot.html)",
		"QUERY_STRING": "",
		"HTTP_CONNECTION": "close",
		"REQUEST_METHOD": "GET",
		"HTTP_HOST": "echevarriatravel.com"
	}]
}, {
	"EntryDate": "2016-11-15 10:02:16 -05:00",
	"Level": "WARN",
	"Message": [{
		"Rule": "ajaxprocessblogcomment",
		"REMOTE_HOST": "109.227.80.222",
		"URL": "/images/buttons/alert-overlay-dark.png",
		"HTTP_REFERER": "http://travelhub.agentstudio.com/Themes/Adventure_Outback-Green/css/theme.css?rn=1.1",
		"HTTPS": "off",
		"HTTP_USER_AGENT": "Opera/10.00 (Windows NT 6.1; U; Edition Turbo; YB/3.5.1; ru) Presto/2.2.0",
		"QUERY_STRING": "",
		"HTTP_CONNECTION": "keep-alive",
		"REQUEST_METHOD": "GET",
		"HTTP_HOST": "travelhub.agentstudio.com"
	}]
}, {
	"EntryDate": "2016-11-15 10:02:17 -05:00",
	"Level": "WARN",
	"Message": [{
		"Rule": "ajaxprocesscontactform",
		"REMOTE_HOST": "82.80.230.228",
		"URL": "/destinations/pacific/australia/melbourne.html",
		"HTTP_REFERER": "http://www.dreamtravel4you.com/cruises/13-night-world-cruise-cruise-4.html",
		"HTTPS": "off",
		"HTTP_USER_AGENT": "Mozilla/5.0 (Macintosh; Intel Mac OS X 10_8_4) AppleWebKit/537.36 (KHTML, like Gecko) Chrome/31.0.1650.63 Safari/537.36",
		"QUERY_STRING": "",
		"HTTP_CONNECTION": "",
		"REQUEST_METHOD": "GET",
		"HTTP_HOST": "www.dreamtravel4you.com"
	}]
}, {
	"EntryDate": "2016-11-15 10:02:17 -05:00",
	"Level": "WARN",
	"Message": [{
		"Rule": "signin",
		"REMOTE_HOST": "82.80.230.228",
		"URL": "/destinations/pacific/australia/melbourne.html",
		"HTTP_REFERER": "http://www.dreamtravel4you.com/cruises/13-night-world-cruise-cruise-4.html",
		"HTTPS": "off",
		"HTTP_USER_AGENT": "Mozilla/5.0 (Macintosh; Intel Mac OS X 10_8_4) AppleWebKit/537.36 (KHTML, like Gecko) Chrome/31.0.1650.63 Safari/537.36",
		"QUERY_STRING": "",
		"HTTP_CONNECTION": "",
		"REQUEST_METHOD": "GET",
		"HTTP_HOST": "www.dreamtravel4you.com"
	}]
}, {
	"EntryDate": "2016-11-15 10:02:18 -05:00",
	"Level": "WARN",
	"Message": [{
		"Rule": "ajaxuploadlogo",
		"REMOTE_HOST": "104.193.88.243",
		"URL": "/cruises/14-night-carnival-journeys-panama-can.html",
		"HTTP_REFERER": "",
		"HTTPS": "off",
		"HTTP_USER_AGENT": "Mozilla/5.0 (Windows NT 10.0; WOW64) AppleWebKit/537.36 (KHTML, like Gecko) Chrome/45.0.2454.93 Safari/537.36",
		"QUERY_STRING": "ForceDesktopMode=true",
		"HTTP_CONNECTION": "",
		"REQUEST_METHOD": "GET",
		"HTTP_HOST": "cintravel.com"
	}]
}, {
	"EntryDate": "2016-11-15 10:02:22 -05:00",
	"Level": "WARN",
	"Message": [{
		"Rule": "ajaxprocesssigninnprocesspasswordnprocesssubmitsugession",
		"REMOTE_HOST": "82.80.230.228",
		"URL": "/send-to-a-friend.html",
		"HTTP_REFERER": "http://www.dreamtravel4you.com/tours/highlights-of-australia-and-new-zealand-summer-2017.html",
		"HTTPS": "off",
		"HTTP_USER_AGENT": "Mozilla/5.0 (Windows NT 6.1; WOW64; rv:33.0) Gecko/20100101 Firefox/33.0",
		"QUERY_STRING": "seourl=highlights-of-australia-and-new-zealand-summer-2017&DealType=Tour",
		"HTTP_CONNECTION": "",
		"REQUEST_METHOD": "GET",
		"HTTP_HOST": "www.dreamtravel4you.com"
	}]
}, {
	"EntryDate": "2016-11-15 10:02:25 -05:00",
	"Level": "WARN",
	"Message": [{
		"Rule": "ajaxprocessblogcomment",
		"REMOTE_HOST": "220.129.62.163",
		"URL": "/jakarta/isapi_redirect.dll",
		"HTTP_REFERER": "http://travelhub.agentstudio.com/special-deals.html",
		"HTTPS": "off",
		"HTTP_USER_AGENT": "Mozilla/5.0 (Windows NT 10.0; WOW64) AppleWebKit/537.36 (KHTML, like Gecko) Chrome/48.0.2564.71 Safari/537.36",
		"QUERY_STRING": "",
		"HTTP_CONNECTION": "keep-alive",
		"REQUEST_METHOD": "GET",
		"HTTP_HOST": "travelhub.agentstudio.com"
	}]
}, {
	"EntryDate": "2016-11-15 10:06:44 -05:00",
	"Level": "WARN",
	"Message": [{
		"Rule": "pageview",
		"REMOTE_HOST": "82.80.230.228",
		"URL": "/request-quote.html",
		"HTTP_REFERER": "http://dreamtravel4you.com/cruises/7-night-mediterranean-cruise-79.html",
		"HTTPS": "off",
		"HTTP_USER_AGENT": "Mozilla/5.0 (Windows NT 6.1) AppleWebKit/537.36 (KHTML, like Gecko) Chrome/31.0.1650.63 Safari/537.36",
		"QUERY_STRING": "DealURL=7-night-mediterranean-cruise-79&DealType=Cruise&Dates=8/5/18-8/12/18&Starting=1468",
		"HTTP_CONNECTION": "",
		"REQUEST_METHOD": "GET",
		"HTTP_HOST": "dreamtravel4you.com"
	}]
}, {
	"EntryDate": "2016-11-15 13:42:01 -05:00",
	"Level": "WARN",
	"Message": [{
		"Rule": "ajaxclearlogonselectthemes",
		"REMOTE_HOST": "142.105.180.114",
		"URL": "/ajax.html",
		"HTTP_REFERER": "http://tagtravelurit.com/control-panel/site-customization.html?CPAction=Theme",
		"HTTPS": "off",
		"HTTP_USER_AGENT": "Mozilla/5.0 (Windows NT 6.3; WOW64) AppleWebKit/537.36 (KHTML, like Gecko) Chrome/54.0.2840.99 Safari/537.36",
		"QUERY_STRING": "AjaxRequest=select_Themes",
		"HTTP_CONNECTION": "keep-alive",
		"REQUEST_METHOD": "POST",
		"HTTP_HOST": "tagtravelurit.com"
	}]
}, {
	"EntryDate": "2016-11-15 13:52:06 -05:00",
	"Level": "WARN",
	"Message": [{
		"Rule": "ajaxclearlogonselectthemes",
		"REMOTE_HOST": "142.105.180.114",
		"URL": "/ajax.html",
		"HTTP_REFERER": "http://tagtravelurit.com/control-panel/site-customization.html?CPAction=Theme",
		"HTTPS": "off",
		"HTTP_USER_AGENT": "Mozilla/5.0 (Windows NT 6.3; WOW64) AppleWebKit/537.36 (KHTML, like Gecko) Chrome/54.0.2840.99 Safari/537.36",
		"QUERY_STRING": "AjaxRequest=select_Themes",
		"HTTP_CONNECTION": "keep-alive",
		"REQUEST_METHOD": "POST",
		"HTTP_HOST": "tagtravelurit.com"
	}]
}, {
	"EntryDate": "2016-11-15 15:33:11 -05:00",
	"Level": "WARN",
	"Message": [{
		"Rule": "hotelsbots",
		"REMOTE_HOST": "184.154.139.51",
		"URL": "/hotels-details.html",
		"HTTP_REFERER": "",
		"HTTPS": "off",
		"HTTP_USER_AGENT": "SiteLockSpider [en] (WinNT; I ;Nav)",
		"QUERY_STRING": "Display=Rooms&SearchObject=%7B%22HotelId%22%3A114173%2C%22rooms%22%3A1%2C%22totalChildren%22%3A0%2C%22numberOfResults%22%3A3%2C%22departureDate%22%3A%2211%2F16%2F2016%22%2C%22SortType%22%3A%22PROMO%22%2C%22roomGroup%22%3A%5B%7B%22numberOfChildren%22%3A0%2C%22numberOfAdults%22%3A1%7D%5D%2C%22arrivalDate%22%3A%2211%2F15%2F2016%22%2C%22totalAdults%22%3A1%2C%22regionId%22%3A660%2C%22DestinationString%22%3A%22Boston%2C%20Massachusetts%2C%20United%20States%20of%20America%22%7D",
		"HTTP_CONNECTION": "TE, close",
		"REQUEST_METHOD": "GET",
		"HTTP_HOST": "ahhvacations.com"
	}]
}, {
	"EntryDate": "2016-11-15 16:06:48 -05:00",
	"Level": "WARN",
	"Message": [{
		"Rule": "ajaxdealpaging",
		"REMOTE_HOST": "107.9.253.78",
		"URL": "/ajax.html",
		"HTTP_REFERER": "http://best4lesstravelcom1.agentstudio.com/cruises.html",
		"HTTPS": "off",
		"HTTP_USER_AGENT": "Mozilla/5.0 (Linux; Android 6.0.1; SM-N920P Build/MMB29K; wv) AppleWebKit/537.36 (KHTML, like Gecko) Version/4.0 Chrome/54.0.2840.85 Mobile Safari/537.36 [FB_IAB/FB4A;FBAV/102.0.0.28.70;]",
		"QUERY_STRING": "AJAXRequest=GenericPagingRequest",
		"HTTP_CONNECTION": "keep-alive",
		"REQUEST_METHOD": "POST",
		"HTTP_HOST": "best4lesstravelcom1.agentstudio.com"
	}]
}, {
	"EntryDate": "2016-11-15 17:08:20 -05:00",
	"Level": "WARN",
	"Message": [{
		"Rule": "hotelsbots",
		"REMOTE_HOST": "184.154.196.90",
		"URL": "/hotels-details.html",
		"HTTP_REFERER": "",
		"HTTPS": "off",
		"HTTP_USER_AGENT": "SiteLockSpider [en] (WinNT; I ;Nav)",
		"QUERY_STRING": "SearchObject=%257B%2522HotelId%2522%253A234911%252C%2522rooms%2522%253A1%252C%2522totalChildren%2522%253A0%252C%2522numberOfResults%2522%253A3%252C%2522departureDate%2522%253A%252211%252F15%252F2016%2522%252C%2522SortType%2522%253A%2522PROMO%2522%252C%2522roomGroup%2522%253A%255B%257B%2522numberOfChildren%2522%253A0%252C%2522numberOfAdults%2522%253A1%257D%255D%252C%2522arrivalDate%2522%253A%252211%252F14%252F2016%2522%252C%2522totalAdults%2522%253A1%252C%2522regionId%2522%253A6151902%252C%2522DestinationString%2522%253A%2522Downtown%2520San%2520Francisco%252C%2520San%2520Francisco%252C%2520California%252C%2520United%2520States%2520of%2520America%2522%257D",
		"HTTP_CONNECTION": "TE, close",
		"REQUEST_METHOD": "GET",
		"HTTP_HOST": "pinnacletrips.com"
	}]
}, {
	"EntryDate": "2016-11-15 18:01:10 -05:00",
	"Level": "WARN",
	"Message": [{
		"Rule": "hotelsbots",
		"REMOTE_HOST": "108.163.224.114",
		"URL": "/hotels-details.html",
		"HTTP_REFERER": "",
		"HTTPS": "off",
		"HTTP_USER_AGENT": "SiteLockSpider [en] (WinNT; I ;Nav)",
		"QUERY_STRING": "SearchObject=%7B%22HotelId%22%3A571015%2C%22rooms%22%3A1%2C%22totalChildren%22%3A0%2C%22numberOfResults%22%3A3%2C%22departureDate%22%3A%2211%2F16%2F2016%22%2C%22SortType%22%3A%22PROMO%22%2C%22roomGroup%22%3A%5B%7B%22numberOfChildren%22%3A0%2C%22numberOfAdults%22%3A1%7D%5D%2C%22arrivalDate%22%3A%2211%2F15%2F2016%22%2C%22totalAdults%22%3A1%2C%22regionId%22%3A3023%2C%22DestinationString%22%3A%22Rome%2C%20Italy%22%7D",
		"HTTP_CONNECTION": "TE, close",
		"REQUEST_METHOD": "GET",
		"HTTP_HOST": "pandora.travel"
	}]
}, {
	"EntryDate": "2016-11-15 21:16:36 -05:00",
	"Level": "WARN",
	"Message": [{
		"Rule": "hotelsbots",
		"REMOTE_HOST": "184.154.139.20",
		"URL": "/hotels-details.html",
		"HTTP_REFERER": "",
		"HTTPS": "off",
		"HTTP_USER_AGENT": "SiteLockSpider [en] (WinNT; I ;Nav)",
		"QUERY_STRING": "SearchObject=%7B%22HotelId%22%3A261835%2C%22rooms%22%3A1%2C%22totalChildren%22%3A0%2C%22numberOfResults%22%3A3%2C%22departureDate%22%3A%2211%2F16%2F2016%22%2C%22SortType%22%3A%22PROMO%22%2C%22roomGroup%22%3A%5B%7B%22numberOfChildren%22%3A0%2C%22numberOfAdults%22%3A1%7D%5D%2C%22arrivalDate%22%3A%2211%2F15%2F2016%22%2C%22totalAdults%22%3A1%2C%22regionId%22%3A935%2C%22DestinationString%22%3A%22Cancun%2C%20Quintana%20Roo%2C%20Mexico%22%7D",
		"HTTP_CONNECTION": "TE, close",
		"REQUEST_METHOD": "GET",
		"HTTP_HOST": "easeuptravel.com"
	}]
}, {
	"EntryDate": "2016-11-15 23:26:29 -05:00",
	"Level": "WARN",
	"Message": [{
		"Rule": "hotelsbots",
		"REMOTE_HOST": "184.154.249.74",
		"URL": "/hotels-details.html",
		"HTTP_REFERER": "",
		"HTTPS": "off",
		"HTTP_USER_AGENT": "SiteLockSpider [en] (WinNT; I ;Nav)",
		"QUERY_STRING": "Display=Rooms&SearchObject=%7B%22HotelId%22%3A543603%2C%22rooms%22%3A1%2C%22totalChildren%22%3A0%2C%22numberOfResults%22%3A3%2C%22departureDate%22%3A%2211%2F16%2F2016%22%2C%22SortType%22%3A%22PROMO%22%2C%22roomGroup%22%3A%5B%7B%22numberOfChildren%22%3A0%2C%22numberOfAdults%22%3A1%7D%5D%2C%22arrivalDate%22%3A%2211%2F15%2F2016%22%2C%22totalAdults%22%3A1%2C%22regionId%22%3A2621%2C%22DestinationString%22%3A%22New%20York%2C%20New%20York%2C%20United%20States%20of%20America%22%7D",
		"HTTP_CONNECTION": "TE, close",
		"REQUEST_METHOD": "GET",
		"HTTP_HOST": "irishcuetravel.com"
	}]
}, {
	"EntryDate": "2016-11-15 23:41:56 -05:00",
	"Level": "WARN",
	"Message": [{
		"Rule": "ajaxdealpaging",
		"REMOTE_HOST": "173.22.228.104",
		"URL": "/ajax.html",
		"HTTP_REFERER": "http://gaytravelinformation.agentstudio.com/destinations.html",
		"HTTPS": "off",
		"HTTP_USER_AGENT": "Mozilla/5.0 (Linux; Android 6.0.1; SM-T817R4 Build/MMB29K) AppleWebKit/537.36 (KHTML, like Gecko) Chrome/54.0.2840.68 Safari/537.36",
		"QUERY_STRING": "AJAXRequest=GenericPagingRequest",
		"HTTP_CONNECTION": "keep-alive",
		"REQUEST_METHOD": "POST",
		"HTTP_HOST": "gaytravelinformation.agentstudio.com"
	}]
}, {
	"EntryDate": "2016-11-15 23:52:00 -05:00",
	"Level": "WARN",
	"Message": [{
		"Rule": "hotelsbots",
		"REMOTE_HOST": "184.154.139.25",
		"URL": "/hotels-details.html",
		"HTTP_REFERER": "",
		"HTTPS": "off",
		"HTTP_USER_AGENT": "SiteLockSpider [en] (WinNT; I ;Nav)",
		"QUERY_STRING": "SearchObject=%7B%22HotelId%22%3A116817%2C%22rooms%22%3A1%2C%22totalChildren%22%3A0%2C%22numberOfResults%22%3A3%2C%22departureDate%22%3A%2211%2F16%2F2016%22%2C%22SortType%22%3A%22PROMO%22%2C%22roomGroup%22%3A%5B%7B%22numberOfChildren%22%3A0%2C%22numberOfAdults%22%3A1%7D%5D%2C%22arrivalDate%22%3A%2211%2F15%2F2016%22%2C%22totalAdults%22%3A1%2C%22regionId%22%3A6151902%2C%22DestinationString%22%3A%22Downtown%20San%20Francisco%2C%20San%20Francisco%2C%20California%2C%20United%20States%20of%20America%22%7D",
		"HTTP_CONNECTION": "TE, close",
		"REQUEST_METHOD": "GET",
		"HTTP_HOST": "grandvoyagetravel.com"
	}]
},