{
	"EntryDate": "2016-11-18 00:00:19 -05:00",
	"Level": "WARN",
	"Message": [{
		"Rule": "hotelsbots",
		"REMOTE_HOST": "69.175.59.186",
		"URL": "/hotels-details.html",
		"HTTP_REFERER": "",
		"HTTPS": "off",
		"HTTP_USER_AGENT": "SiteLockSpider [en] (WinNT; I ;Nav)",
		"QUERY_STRING": "Display=Rooms&SearchObject=%7B%22HotelId%22%3A152693%2C%22rooms%22%3A1%2C%22totalChildren%22%3A0%2C%22numberOfResults%22%3A3%2C%22departureDate%22%3A%2211%2F19%2F2016%22%2C%22SortType%22%3A%22PROMO%22%2C%22roomGroup%22%3A%5B%7B%22numberOfChildren%22%3A0%2C%22numberOfAdults%22%3A1%7D%5D%2C%22arrivalDate%22%3A%2211%2F18%2F2016%22%2C%22totalAdults%22%3A1%2C%22regionId%22%3A2008%2C%22DestinationString%22%3A%22Las%20Vegas%2C%20Nevada%2C%20United%20States%20of%20America%22%7D",
		"HTTP_CONNECTION": "TE, close",
		"REQUEST_METHOD": "GET",
		"HTTP_HOST": "irishcuetravel.com"
	}]
}, {
	"EntryDate": "2016-11-18 02:05:35 -05:00",
	"Level": "WARN",
	"Message": [{
		"Rule": "hotelsbots",
		"REMOTE_HOST": "184.154.36.164",
		"URL": "/hotels-details.html",
		"HTTP_REFERER": "",
		"HTTPS": "off",
		"HTTP_USER_AGENT": "SiteLockSpider [en] (WinNT; I ;Nav)",
		"QUERY_STRING": "SearchObject=%7B%22HotelId%22%3A535978%2C%22rooms%22%3A1%2C%22totalChildren%22%3A0%2C%22numberOfResults%22%3A3%2C%22departureDate%22%3A%2211%2F19%2F2016%22%2C%22SortType%22%3A%22PROMO%22%2C%22roomGroup%22%3A%5B%7B%22numberOfChildren%22%3A0%2C%22numberOfAdults%22%3A1%7D%5D%2C%22arrivalDate%22%3A%2211%2F18%2F2016%22%2C%22totalAdults%22%3A1%2C%22regionId%22%3A3341%2C%22DestinationString%22%3A%22Sydney%2C%20New%20South%20Wales%2C%20Australia%22%7D",
		"HTTP_CONNECTION": "TE, close",
		"REQUEST_METHOD": "GET",
		"HTTP_HOST": "oldworldflavors.com"
	}]
}, {
	"EntryDate": "2016-11-18 02:11:47 -05:00",
	"Level": "WARN",
	"Message": [{
		"Rule": "hotelsbots",
		"REMOTE_HOST": "184.154.139.22",
		"URL": "/hotels-details.html",
		"HTTP_REFERER": "",
		"HTTPS": "off",
		"HTTP_USER_AGENT": "SiteLockSpider [en] (WinNT; I ;Nav)",
		"QUERY_STRING": "SearchObject=%7B%22HotelId%22%3A535978%2C%22rooms%22%3A1%2C%22totalChildren%22%3A0%2C%22numberOfResults%22%3A3%2C%22departureDate%22%3A%2211%2F19%2F2016%22%2C%22SortType%22%3A%22PROMO%22%2C%22roomGroup%22%3A%5B%7B%22numberOfChildren%22%3A0%2C%22numberOfAdults%22%3A1%7D%5D%2C%22arrivalDate%22%3A%2211%2F18%2F2016%22%2C%22totalAdults%22%3A1%2C%22regionId%22%3A3341%2C%22DestinationString%22%3A%22Sydney%2C%20New%20South%20Wales%2C%20Australia%22%7D",
		"HTTP_CONNECTION": "TE, close",
		"REQUEST_METHOD": "GET",
		"HTTP_HOST": "oaklandtravelagency.com"
	}]
}, {
	"EntryDate": "2016-11-18 03:02:59 -05:00",
	"Level": "WARN",
	"Message": [{
		"Rule": "signin",
		"REMOTE_HOST": "73.177.150.221",
		"URL": "/common/sign-in.html",
		"HTTP_REFERER": "",
		"HTTPS": "off",
		"HTTP_USER_AGENT": "Mozilla/5.0 (X11; Linux x86_64; rv:10.0) Gecko/20150101 Firefox/47.0 (Chrome)",
		"QUERY_STRING": "",
		"HTTP_CONNECTION": "close",
		"REQUEST_METHOD": "GET",
		"HTTP_HOST": "whyyouhome.agentstudio.com"
	}]
}, {
	"EntryDate": "2016-11-18 03:07:29 -05:00",
	"Level": "WARN",
	"Message": [{
		"Rule": "hotelsbots",
		"REMOTE_HOST": "184.154.36.164",
		"URL": "/hotels-search.html",
		"HTTP_REFERER": "",
		"HTTPS": "off",
		"HTTP_USER_AGENT": "SiteLockSpider [en] (WinNT; I ;Nav)",
		"QUERY_STRING": "",
		"HTTP_CONNECTION": "TE, close",
		"REQUEST_METHOD": "GET",
		"HTTP_HOST": "coupdetattravelconsulting.com"
	}]
}, {
	"EntryDate": "2016-11-18 05:17:16 -05:00",
	"Level": "WARN",
	"Message": [{
		"Rule": "quote",
		"REMOTE_HOST": "45.34.153.162",
		"URL": "/send-to-a-friend.html",
		"HTTP_REFERER": "http://forevertravel.co/send-to-a-friend.html?seourl=18-day-rome-to-dubai&DealType=Promotion",
		"HTTPS": "off",
		"HTTP_USER_AGENT": "Mozilla/5.0 (Windows NT 6.1; Win64; x64) AppleWebKit/537.36 (KHTML, like Gecko) Chrome/53.0.2785.101 Safari/537.36",
		"QUERY_STRING": "",
		"HTTP_CONNECTION": "",
		"REQUEST_METHOD": "POST",
		"HTTP_HOST": "forevertravel.co"
	}]
}, {
	"EntryDate": "2016-11-18 05:19:57 -05:00",
	"Level": "WARN",
	"Message": [{
		"Rule": "quote",
		"REMOTE_HOST": "45.34.153.162",
		"URL": "/send-to-a-friend.html",
		"HTTP_REFERER": "http://forevertravel.co/send-to-a-friend.html?seourl=18-day-rome-to-dubai&DealType=Promotion",
		"HTTPS": "off",
		"HTTP_USER_AGENT": "Mozilla/5.0 (Windows NT 6.1; Win64; x64) AppleWebKit/537.36 (KHTML, like Gecko) Chrome/53.0.2785.101 Safari/537.36",
		"QUERY_STRING": "",
		"HTTP_CONNECTION": "",
		"REQUEST_METHOD": "POST",
		"HTTP_HOST": "forevertravel.co"
	}]
}, {
	"EntryDate": "2016-11-18 05:22:51 -05:00",
	"Level": "WARN",
	"Message": [{
		"Rule": "quote",
		"REMOTE_HOST": "45.34.153.162",
		"URL": "/send-to-a-friend.html",
		"HTTP_REFERER": "http://forevertravel.co/send-to-a-friend.html?seourl=18-day-rome-to-dubai&DealType=Promotion",
		"HTTPS": "off",
		"HTTP_USER_AGENT": "Mozilla/5.0 (Windows NT 6.1; Win64; x64) AppleWebKit/537.36 (KHTML, like Gecko) Chrome/53.0.2785.101 Safari/537.36",
		"QUERY_STRING": "",
		"HTTP_CONNECTION": "",
		"REQUEST_METHOD": "POST",
		"HTTP_HOST": "forevertravel.co"
	}]
}, {
	"EntryDate": "2016-11-18 05:25:41 -05:00",
	"Level": "WARN",
	"Message": [{
		"Rule": "quote",
		"REMOTE_HOST": "45.34.153.162",
		"URL": "/send-to-a-friend.html",
		"HTTP_REFERER": "http://forevertravel.co/send-to-a-friend.html?seourl=18-day-rome-to-dubai&DealType=Promotion",
		"HTTPS": "off",
		"HTTP_USER_AGENT": "Mozilla/5.0 (Windows NT 6.1; Win64; x64) AppleWebKit/537.36 (KHTML, like Gecko) Chrome/53.0.2785.101 Safari/537.36",
		"QUERY_STRING": "",
		"HTTP_CONNECTION": "",
		"REQUEST_METHOD": "POST",
		"HTTP_HOST": "forevertravel.co"
	}]
}, {
	"EntryDate": "2016-11-18 05:28:24 -05:00",
	"Level": "WARN",
	"Message": [{
		"Rule": "quote",
		"REMOTE_HOST": "45.34.153.162",
		"URL": "/send-to-a-friend.html",
		"HTTP_REFERER": "http://forevertravel.co/send-to-a-friend.html?seourl=18-day-rome-to-dubai&DealType=Promotion",
		"HTTPS": "off",
		"HTTP_USER_AGENT": "Mozilla/5.0 (Windows NT 6.1; Win64; x64) AppleWebKit/537.36 (KHTML, like Gecko) Chrome/53.0.2785.101 Safari/537.36",
		"QUERY_STRING": "",
		"HTTP_CONNECTION": "",
		"REQUEST_METHOD": "POST",
		"HTTP_HOST": "forevertravel.co"
	}]
}, {
	"EntryDate": "2016-11-18 05:31:15 -05:00",
	"Level": "WARN",
	"Message": [{
		"Rule": "quote",
		"REMOTE_HOST": "45.34.153.162",
		"URL": "/send-to-a-friend.html",
		"HTTP_REFERER": "http://forevertravel.co/send-to-a-friend.html?seourl=18-day-rome-to-dubai&DealType=Promotion",
		"HTTPS": "off",
		"HTTP_USER_AGENT": "Mozilla/5.0 (Windows NT 6.1; Win64; x64) AppleWebKit/537.36 (KHTML, like Gecko) Chrome/53.0.2785.101 Safari/537.36",
		"QUERY_STRING": "",
		"HTTP_CONNECTION": "",
		"REQUEST_METHOD": "POST",
		"HTTP_HOST": "forevertravel.co"
	}]
}, {
	"EntryDate": "2016-11-18 05:34:23 -05:00",
	"Level": "WARN",
	"Message": [{
		"Rule": "quote",
		"REMOTE_HOST": "45.34.153.162",
		"URL": "/send-to-a-friend.html",
		"HTTP_REFERER": "http://forevertravel.co/send-to-a-friend.html?seourl=18-day-rome-to-dubai&DealType=Promotion",
		"HTTPS": "off",
		"HTTP_USER_AGENT": "Mozilla/5.0 (Windows NT 6.1; Win64; x64) AppleWebKit/537.36 (KHTML, like Gecko) Chrome/53.0.2785.101 Safari/537.36",
		"QUERY_STRING": "",
		"HTTP_CONNECTION": "",
		"REQUEST_METHOD": "POST",
		"HTTP_HOST": "forevertravel.co"
	}]
}, {
	"EntryDate": "2016-11-18 05:37:49 -05:00",
	"Level": "WARN",
	"Message": [{
		"Rule": "quote",
		"REMOTE_HOST": "45.34.153.162",
		"URL": "/send-to-a-friend.html",
		"HTTP_REFERER": "http://forevertravel.co/send-to-a-friend.html?seourl=18-day-rome-to-dubai&DealType=Promotion",
		"HTTPS": "off",
		"HTTP_USER_AGENT": "Mozilla/5.0 (Windows NT 6.1; Win64; x64) AppleWebKit/537.36 (KHTML, like Gecko) Chrome/53.0.2785.101 Safari/537.36",
		"QUERY_STRING": "",
		"HTTP_CONNECTION": "",
		"REQUEST_METHOD": "POST",
		"HTTP_HOST": "forevertravel.co"
	}]
}, {
	"EntryDate": "2016-11-18 05:41:26 -05:00",
	"Level": "WARN",
	"Message": [{
		"Rule": "quote",
		"REMOTE_HOST": "45.34.153.162",
		"URL": "/send-to-a-friend.html",
		"HTTP_REFERER": "http://forevertravel.co/send-to-a-friend.html?seourl=18-day-rome-to-dubai&DealType=Promotion",
		"HTTPS": "off",
		"HTTP_USER_AGENT": "Mozilla/5.0 (Windows NT 6.1; Win64; x64) AppleWebKit/537.36 (KHTML, like Gecko) Chrome/53.0.2785.101 Safari/537.36",
		"QUERY_STRING": "",
		"HTTP_CONNECTION": "",
		"REQUEST_METHOD": "POST",
		"HTTP_HOST": "forevertravel.co"
	}]
}, {
	"EntryDate": "2016-11-18 05:45:07 -05:00",
	"Level": "WARN",
	"Message": [{
		"Rule": "quote",
		"REMOTE_HOST": "45.34.153.162",
		"URL": "/send-to-a-friend.html",
		"HTTP_REFERER": "http://forevertravel.co/send-to-a-friend.html?seourl=18-day-rome-to-dubai&DealType=Promotion",
		"HTTPS": "off",
		"HTTP_USER_AGENT": "Mozilla/5.0 (Windows NT 6.1; Win64; x64) AppleWebKit/537.36 (KHTML, like Gecko) Chrome/53.0.2785.101 Safari/537.36",
		"QUERY_STRING": "",
		"HTTP_CONNECTION": "",
		"REQUEST_METHOD": "POST",
		"HTTP_HOST": "forevertravel.co"
	}]
}, {
	"EntryDate": "2016-11-18 05:49:00 -05:00",
	"Level": "WARN",
	"Message": [{
		"Rule": "quote",
		"REMOTE_HOST": "45.34.153.162",
		"URL": "/send-to-a-friend.html",
		"HTTP_REFERER": "http://forevertravel.co/send-to-a-friend.html?seourl=18-day-rome-to-dubai&DealType=Promotion",
		"HTTPS": "off",
		"HTTP_USER_AGENT": "Mozilla/5.0 (Windows NT 6.1; Win64; x64) AppleWebKit/537.36 (KHTML, like Gecko) Chrome/53.0.2785.101 Safari/537.36",
		"QUERY_STRING": "",
		"HTTP_CONNECTION": "",
		"REQUEST_METHOD": "POST",
		"HTTP_HOST": "forevertravel.co"
	}]
}, {
	"EntryDate": "2016-11-18 05:52:16 -05:00",
	"Level": "WARN",
	"Message": [{
		"Rule": "quote",
		"REMOTE_HOST": "45.34.153.162",
		"URL": "/send-to-a-friend.html",
		"HTTP_REFERER": "http://forevertravel.co/send-to-a-friend.html?seourl=18-day-rome-to-dubai&DealType=Promotion",
		"HTTPS": "off",
		"HTTP_USER_AGENT": "Mozilla/5.0 (Windows NT 6.1; Win64; x64) AppleWebKit/537.36 (KHTML, like Gecko) Chrome/53.0.2785.101 Safari/537.36",
		"QUERY_STRING": "",
		"HTTP_CONNECTION": "",
		"REQUEST_METHOD": "POST",
		"HTTP_HOST": "forevertravel.co"
	}]
}, {
	"EntryDate": "2016-11-18 05:55:33 -05:00",
	"Level": "WARN",
	"Message": [{
		"Rule": "quote",
		"REMOTE_HOST": "45.34.153.162",
		"URL": "/send-to-a-friend.html",
		"HTTP_REFERER": "http://forevertravel.co/send-to-a-friend.html?seourl=18-day-rome-to-dubai&DealType=Promotion",
		"HTTPS": "off",
		"HTTP_USER_AGENT": "Mozilla/5.0 (Windows NT 6.1; Win64; x64) AppleWebKit/537.36 (KHTML, like Gecko) Chrome/53.0.2785.101 Safari/537.36",
		"QUERY_STRING": "",
		"HTTP_CONNECTION": "",
		"REQUEST_METHOD": "POST",
		"HTTP_HOST": "forevertravel.co"
	}]
}, {
	"EntryDate": "2016-11-18 05:59:16 -05:00",
	"Level": "WARN",
	"Message": [{
		"Rule": "quote",
		"REMOTE_HOST": "45.34.153.162",
		"URL": "/send-to-a-friend.html",
		"HTTP_REFERER": "http://forevertravel.co/send-to-a-friend.html?seourl=18-day-rome-to-dubai&DealType=Promotion",
		"HTTPS": "off",
		"HTTP_USER_AGENT": "Mozilla/5.0 (Windows NT 6.1; Win64; x64) AppleWebKit/537.36 (KHTML, like Gecko) Chrome/53.0.2785.101 Safari/537.36",
		"QUERY_STRING": "",
		"HTTP_CONNECTION": "",
		"REQUEST_METHOD": "POST",
		"HTTP_HOST": "forevertravel.co"
	}]
}, {
	"EntryDate": "2016-11-18 06:02:59 -05:00",
	"Level": "WARN",
	"Message": [{
		"Rule": "quote",
		"REMOTE_HOST": "45.34.153.162",
		"URL": "/send-to-a-friend.html",
		"HTTP_REFERER": "http://forevertravel.co/send-to-a-friend.html?seourl=18-day-rome-to-dubai&DealType=Promotion",
		"HTTPS": "off",
		"HTTP_USER_AGENT": "Mozilla/5.0 (Windows NT 6.1; Win64; x64) AppleWebKit/537.36 (KHTML, like Gecko) Chrome/53.0.2785.101 Safari/537.36",
		"QUERY_STRING": "",
		"HTTP_CONNECTION": "",
		"REQUEST_METHOD": "POST",
		"HTTP_HOST": "forevertravel.co"
	}]
}, {
	"EntryDate": "2016-11-18 06:06:29 -05:00",
	"Level": "WARN",
	"Message": [{
		"Rule": "quote",
		"REMOTE_HOST": "45.34.153.162",
		"URL": "/send-to-a-friend.html",
		"HTTP_REFERER": "http://forevertravel.co/send-to-a-friend.html?seourl=18-day-rome-to-dubai&DealType=Promotion",
		"HTTPS": "off",
		"HTTP_USER_AGENT": "Mozilla/5.0 (Windows NT 6.1; Win64; x64) AppleWebKit/537.36 (KHTML, like Gecko) Chrome/53.0.2785.101 Safari/537.36",
		"QUERY_STRING": "",
		"HTTP_CONNECTION": "",
		"REQUEST_METHOD": "POST",
		"HTTP_HOST": "forevertravel.co"
	}]
}, {
	"EntryDate": "2016-11-18 06:09:28 -05:00",
	"Level": "WARN",
	"Message": [{
		"Rule": "quote",
		"REMOTE_HOST": "45.34.153.162",
		"URL": "/send-to-a-friend.html",
		"HTTP_REFERER": "http://forevertravel.co/send-to-a-friend.html?seourl=18-day-rome-to-dubai&DealType=Promotion",
		"HTTPS": "off",
		"HTTP_USER_AGENT": "Mozilla/5.0 (Windows NT 6.1; Win64; x64) AppleWebKit/537.36 (KHTML, like Gecko) Chrome/53.0.2785.101 Safari/537.36",
		"QUERY_STRING": "",
		"HTTP_CONNECTION": "",
		"REQUEST_METHOD": "POST",
		"HTTP_HOST": "forevertravel.co"
	}]
}, {
	"EntryDate": "2016-11-18 06:12:49 -05:00",
	"Level": "WARN",
	"Message": [{
		"Rule": "quote",
		"REMOTE_HOST": "45.34.153.162",
		"URL": "/send-to-a-friend.html",
		"HTTP_REFERER": "http://forevertravel.co/send-to-a-friend.html?seourl=18-day-rome-to-dubai&DealType=Promotion",
		"HTTPS": "off",
		"HTTP_USER_AGENT": "Mozilla/5.0 (Windows NT 6.1; Win64; x64) AppleWebKit/537.36 (KHTML, like Gecko) Chrome/53.0.2785.101 Safari/537.36",
		"QUERY_STRING": "",
		"HTTP_CONNECTION": "",
		"REQUEST_METHOD": "POST",
		"HTTP_HOST": "forevertravel.co"
	}]
}, {
	"EntryDate": "2016-11-18 06:16:26 -05:00",
	"Level": "WARN",
	"Message": [{
		"Rule": "quote",
		"REMOTE_HOST": "45.34.153.162",
		"URL": "/send-to-a-friend.html",
		"HTTP_REFERER": "http://forevertravel.co/send-to-a-friend.html?seourl=18-day-rome-to-dubai&DealType=Promotion",
		"HTTPS": "off",
		"HTTP_USER_AGENT": "Mozilla/5.0 (Windows NT 6.1; Win64; x64) AppleWebKit/537.36 (KHTML, like Gecko) Chrome/53.0.2785.101 Safari/537.36",
		"QUERY_STRING": "",
		"HTTP_CONNECTION": "",
		"REQUEST_METHOD": "POST",
		"HTTP_HOST": "forevertravel.co"
	}]
}, {
	"EntryDate": "2016-11-18 06:20:00 -05:00",
	"Level": "WARN",
	"Message": [{
		"Rule": "quote",
		"REMOTE_HOST": "45.34.153.162",
		"URL": "/send-to-a-friend.html",
		"HTTP_REFERER": "http://forevertravel.co/send-to-a-friend.html?seourl=18-day-rome-to-dubai&DealType=Promotion",
		"HTTPS": "off",
		"HTTP_USER_AGENT": "Mozilla/5.0 (Windows NT 6.1; Win64; x64) AppleWebKit/537.36 (KHTML, like Gecko) Chrome/53.0.2785.101 Safari/537.36",
		"QUERY_STRING": "",
		"HTTP_CONNECTION": "",
		"REQUEST_METHOD": "POST",
		"HTTP_HOST": "forevertravel.co"
	}]
}, {
	"EntryDate": "2016-11-18 06:23:05 -05:00",
	"Level": "WARN",
	"Message": [{
		"Rule": "quote",
		"REMOTE_HOST": "45.34.153.162",
		"URL": "/send-to-a-friend.html",
		"HTTP_REFERER": "http://forevertravel.co/send-to-a-friend.html?seourl=18-day-rome-to-dubai&DealType=Promotion",
		"HTTPS": "off",
		"HTTP_USER_AGENT": "Mozilla/5.0 (Windows NT 6.1; Win64; x64) AppleWebKit/537.36 (KHTML, like Gecko) Chrome/53.0.2785.101 Safari/537.36",
		"QUERY_STRING": "",
		"HTTP_CONNECTION": "",
		"REQUEST_METHOD": "POST",
		"HTTP_HOST": "forevertravel.co"
	}]
}, {
	"EntryDate": "2016-11-18 06:25:58 -05:00",
	"Level": "WARN",
	"Message": [{
		"Rule": "quote",
		"REMOTE_HOST": "45.34.153.162",
		"URL": "/send-to-a-friend.html",
		"HTTP_REFERER": "http://forevertravel.co/send-to-a-friend.html?seourl=18-day-rome-to-dubai&DealType=Promotion",
		"HTTPS": "off",
		"HTTP_USER_AGENT": "Mozilla/5.0 (Windows NT 6.1; Win64; x64) AppleWebKit/537.36 (KHTML, like Gecko) Chrome/53.0.2785.101 Safari/537.36",
		"QUERY_STRING": "",
		"HTTP_CONNECTION": "",
		"REQUEST_METHOD": "POST",
		"HTTP_HOST": "forevertravel.co"
	}]
}, {
	"EntryDate": "2016-11-18 06:28:46 -05:00",
	"Level": "WARN",
	"Message": [{
		"Rule": "quote",
		"REMOTE_HOST": "45.34.153.162",
		"URL": "/send-to-a-friend.html",
		"HTTP_REFERER": "http://forevertravel.co/send-to-a-friend.html?seourl=18-day-rome-to-dubai&DealType=Promotion",
		"HTTPS": "off",
		"HTTP_USER_AGENT": "Mozilla/5.0 (Windows NT 6.1; Win64; x64) AppleWebKit/537.36 (KHTML, like Gecko) Chrome/53.0.2785.101 Safari/537.36",
		"QUERY_STRING": "",
		"HTTP_CONNECTION": "",
		"REQUEST_METHOD": "POST",
		"HTTP_HOST": "forevertravel.co"
	}]
}, {
	"EntryDate": "2016-11-18 06:31:44 -05:00",
	"Level": "WARN",
	"Message": [{
		"Rule": "quote",
		"REMOTE_HOST": "45.34.153.162",
		"URL": "/send-to-a-friend.html",
		"HTTP_REFERER": "http://forevertravel.co/send-to-a-friend.html?seourl=18-day-rome-to-dubai&DealType=Promotion",
		"HTTPS": "off",
		"HTTP_USER_AGENT": "Mozilla/5.0 (Windows NT 6.1; Win64; x64) AppleWebKit/537.36 (KHTML, like Gecko) Chrome/53.0.2785.101 Safari/537.36",
		"QUERY_STRING": "",
		"HTTP_CONNECTION": "",
		"REQUEST_METHOD": "POST",
		"HTTP_HOST": "forevertravel.co"
	}]
}, {
	"EntryDate": "2016-11-18 06:34:51 -05:00",
	"Level": "WARN",
	"Message": [{
		"Rule": "quote",
		"REMOTE_HOST": "45.34.153.162",
		"URL": "/send-to-a-friend.html",
		"HTTP_REFERER": "http://forevertravel.co/send-to-a-friend.html?seourl=18-day-rome-to-dubai&DealType=Promotion",
		"HTTPS": "off",
		"HTTP_USER_AGENT": "Mozilla/5.0 (Windows NT 6.1; Win64; x64) AppleWebKit/537.36 (KHTML, like Gecko) Chrome/53.0.2785.101 Safari/537.36",
		"QUERY_STRING": "",
		"HTTP_CONNECTION": "",
		"REQUEST_METHOD": "POST",
		"HTTP_HOST": "forevertravel.co"
	}]
}, {
	"EntryDate": "2016-11-18 06:38:15 -05:00",
	"Level": "WARN",
	"Message": [{
		"Rule": "quote",
		"REMOTE_HOST": "45.34.153.162",
		"URL": "/send-to-a-friend.html",
		"HTTP_REFERER": "http://forevertravel.co/send-to-a-friend.html?seourl=18-day-rome-to-dubai&DealType=Promotion",
		"HTTPS": "off",
		"HTTP_USER_AGENT": "Mozilla/5.0 (Windows NT 6.1; Win64; x64) AppleWebKit/537.36 (KHTML, like Gecko) Chrome/53.0.2785.101 Safari/537.36",
		"QUERY_STRING": "",
		"HTTP_CONNECTION": "",
		"REQUEST_METHOD": "POST",
		"HTTP_HOST": "forevertravel.co"
	}]
}, {
	"EntryDate": "2016-11-18 06:41:56 -05:00",
	"Level": "WARN",
	"Message": [{
		"Rule": "quote",
		"REMOTE_HOST": "45.34.153.162",
		"URL": "/send-to-a-friend.html",
		"HTTP_REFERER": "http://forevertravel.co/send-to-a-friend.html?seourl=18-day-rome-to-dubai&DealType=Promotion",
		"HTTPS": "off",
		"HTTP_USER_AGENT": "Mozilla/5.0 (Windows NT 6.1; Win64; x64) AppleWebKit/537.36 (KHTML, like Gecko) Chrome/53.0.2785.101 Safari/537.36",
		"QUERY_STRING": "",
		"HTTP_CONNECTION": "",
		"REQUEST_METHOD": "POST",
		"HTTP_HOST": "forevertravel.co"
	}]
}, {
	"EntryDate": "2016-11-18 06:45:11 -05:00",
	"Level": "WARN",
	"Message": [{
		"Rule": "quote",
		"REMOTE_HOST": "45.34.153.162",
		"URL": "/send-to-a-friend.html",
		"HTTP_REFERER": "http://forevertravel.co/send-to-a-friend.html?seourl=18-day-rome-to-dubai&DealType=Promotion",
		"HTTPS": "off",
		"HTTP_USER_AGENT": "Mozilla/5.0 (Windows NT 6.1; Win64; x64) AppleWebKit/537.36 (KHTML, like Gecko) Chrome/53.0.2785.101 Safari/537.36",
		"QUERY_STRING": "",
		"HTTP_CONNECTION": "",
		"REQUEST_METHOD": "POST",
		"HTTP_HOST": "forevertravel.co"
	}]
}, {
	"EntryDate": "2016-11-18 06:48:24 -05:00",
	"Level": "WARN",
	"Message": [{
		"Rule": "quote",
		"REMOTE_HOST": "45.34.153.162",
		"URL": "/send-to-a-friend.html",
		"HTTP_REFERER": "http://forevertravel.co/send-to-a-friend.html?seourl=18-day-rome-to-dubai&DealType=Promotion",
		"HTTPS": "off",
		"HTTP_USER_AGENT": "Mozilla/5.0 (Windows NT 6.1; Win64; x64) AppleWebKit/537.36 (KHTML, like Gecko) Chrome/53.0.2785.101 Safari/537.36",
		"QUERY_STRING": "",
		"HTTP_CONNECTION": "",
		"REQUEST_METHOD": "POST",
		"HTTP_HOST": "forevertravel.co"
	}]
}, {
	"EntryDate": "2016-11-18 06:52:02 -05:00",
	"Level": "WARN",
	"Message": [{
		"Rule": "quote",
		"REMOTE_HOST": "45.34.153.162",
		"URL": "/send-to-a-friend.html",
		"HTTP_REFERER": "http://forevertravel.co/send-to-a-friend.html?seourl=18-day-rome-to-dubai&DealType=Promotion",
		"HTTPS": "off",
		"HTTP_USER_AGENT": "Mozilla/5.0 (Windows NT 6.1; Win64; x64) AppleWebKit/537.36 (KHTML, like Gecko) Chrome/53.0.2785.101 Safari/537.36",
		"QUERY_STRING": "",
		"HTTP_CONNECTION": "",
		"REQUEST_METHOD": "POST",
		"HTTP_HOST": "forevertravel.co"
	}]
}, {
	"EntryDate": "2016-11-18 06:55:01 -05:00",
	"Level": "WARN",
	"Message": [{
		"Rule": "quote",
		"REMOTE_HOST": "45.34.153.162",
		"URL": "/send-to-a-friend.html",
		"HTTP_REFERER": "http://forevertravel.co/send-to-a-friend.html?seourl=18-day-rome-to-dubai&DealType=Promotion",
		"HTTPS": "off",
		"HTTP_USER_AGENT": "Mozilla/5.0 (Windows NT 6.1; Win64; x64) AppleWebKit/537.36 (KHTML, like Gecko) Chrome/53.0.2785.101 Safari/537.36",
		"QUERY_STRING": "",
		"HTTP_CONNECTION": "",
		"REQUEST_METHOD": "POST",
		"HTTP_HOST": "forevertravel.co"
	}]
}, {
	"EntryDate": "2016-11-18 06:58:12 -05:00",
	"Level": "WARN",
	"Message": [{
		"Rule": "quote",
		"REMOTE_HOST": "45.34.153.162",
		"URL": "/send-to-a-friend.html",
		"HTTP_REFERER": "http://forevertravel.co/send-to-a-friend.html?seourl=18-day-rome-to-dubai&DealType=Promotion",
		"HTTPS": "off",
		"HTTP_USER_AGENT": "Mozilla/5.0 (Windows NT 6.1; Win64; x64) AppleWebKit/537.36 (KHTML, like Gecko) Chrome/53.0.2785.101 Safari/537.36",
		"QUERY_STRING": "",
		"HTTP_CONNECTION": "",
		"REQUEST_METHOD": "POST",
		"HTTP_HOST": "forevertravel.co"
	}]
}, {
	"EntryDate": "2016-11-18 07:01:36 -05:00",
	"Level": "WARN",
	"Message": [{
		"Rule": "quote",
		"REMOTE_HOST": "45.34.153.162",
		"URL": "/send-to-a-friend.html",
		"HTTP_REFERER": "http://forevertravel.co/send-to-a-friend.html?seourl=18-day-rome-to-dubai&DealType=Promotion",
		"HTTPS": "off",
		"HTTP_USER_AGENT": "Mozilla/5.0 (Windows NT 6.1; Win64; x64) AppleWebKit/537.36 (KHTML, like Gecko) Chrome/53.0.2785.101 Safari/537.36",
		"QUERY_STRING": "",
		"HTTP_CONNECTION": "",
		"REQUEST_METHOD": "POST",
		"HTTP_HOST": "forevertravel.co"
	}]
}, {
	"EntryDate": "2016-11-18 07:04:43 -05:00",
	"Level": "WARN",
	"Message": [{
		"Rule": "quote",
		"REMOTE_HOST": "45.34.153.162",
		"URL": "/send-to-a-friend.html",
		"HTTP_REFERER": "http://forevertravel.co/send-to-a-friend.html?seourl=18-day-rome-to-dubai&DealType=Promotion",
		"HTTPS": "off",
		"HTTP_USER_AGENT": "Mozilla/5.0 (Windows NT 6.1; Win64; x64) AppleWebKit/537.36 (KHTML, like Gecko) Chrome/53.0.2785.101 Safari/537.36",
		"QUERY_STRING": "",
		"HTTP_CONNECTION": "",
		"REQUEST_METHOD": "POST",
		"HTTP_HOST": "forevertravel.co"
	}]
}, {
	"EntryDate": "2016-11-18 07:07:31 -05:00",
	"Level": "WARN",
	"Message": [{
		"Rule": "quote",
		"REMOTE_HOST": "45.34.153.162",
		"URL": "/send-to-a-friend.html",
		"HTTP_REFERER": "http://forevertravel.co/send-to-a-friend.html?seourl=18-day-rome-to-dubai&DealType=Promotion",
		"HTTPS": "off",
		"HTTP_USER_AGENT": "Mozilla/5.0 (Windows NT 6.1; Win64; x64) AppleWebKit/537.36 (KHTML, like Gecko) Chrome/53.0.2785.101 Safari/537.36",
		"QUERY_STRING": "",
		"HTTP_CONNECTION": "",
		"REQUEST_METHOD": "POST",
		"HTTP_HOST": "forevertravel.co"
	}]
}, {
	"EntryDate": "2016-11-18 07:10:17 -05:00",
	"Level": "WARN",
	"Message": [{
		"Rule": "quote",
		"REMOTE_HOST": "45.34.153.162",
		"URL": "/send-to-a-friend.html",
		"HTTP_REFERER": "http://forevertravel.co/send-to-a-friend.html?seourl=18-day-rome-to-dubai&DealType=Promotion",
		"HTTPS": "off",
		"HTTP_USER_AGENT": "Mozilla/5.0 (Windows NT 6.1; Win64; x64) AppleWebKit/537.36 (KHTML, like Gecko) Chrome/53.0.2785.101 Safari/537.36",
		"QUERY_STRING": "",
		"HTTP_CONNECTION": "",
		"REQUEST_METHOD": "POST",
		"HTTP_HOST": "forevertravel.co"
	}]
}, {
	"EntryDate": "2016-11-18 07:12:55 -05:00",
	"Level": "WARN",
	"Message": [{
		"Rule": "quote",
		"REMOTE_HOST": "45.34.153.162",
		"URL": "/send-to-a-friend.html",
		"HTTP_REFERER": "http://forevertravel.co/send-to-a-friend.html?seourl=18-day-rome-to-dubai&DealType=Promotion",
		"HTTPS": "off",
		"HTTP_USER_AGENT": "Mozilla/5.0 (Windows NT 6.1; Win64; x64) AppleWebKit/537.36 (KHTML, like Gecko) Chrome/53.0.2785.101 Safari/537.36",
		"QUERY_STRING": "",
		"HTTP_CONNECTION": "",
		"REQUEST_METHOD": "POST",
		"HTTP_HOST": "forevertravel.co"
	}]
}, {
	"EntryDate": "2016-11-18 07:15:32 -05:00",
	"Level": "WARN",
	"Message": [{
		"Rule": "quote",
		"REMOTE_HOST": "45.34.153.162",
		"URL": "/send-to-a-friend.html",
		"HTTP_REFERER": "http://forevertravel.co/send-to-a-friend.html?seourl=18-day-rome-to-dubai&DealType=Promotion",
		"HTTPS": "off",
		"HTTP_USER_AGENT": "Mozilla/5.0 (Windows NT 6.1; Win64; x64) AppleWebKit/537.36 (KHTML, like Gecko) Chrome/53.0.2785.101 Safari/537.36",
		"QUERY_STRING": "",
		"HTTP_CONNECTION": "",
		"REQUEST_METHOD": "POST",
		"HTTP_HOST": "forevertravel.co"
	}]
}, {
	"EntryDate": "2016-11-18 07:18:11 -05:00",
	"Level": "WARN",
	"Message": [{
		"Rule": "quote",
		"REMOTE_HOST": "45.34.153.162",
		"URL": "/send-to-a-friend.html",
		"HTTP_REFERER": "http://forevertravel.co/send-to-a-friend.html?seourl=18-day-rome-to-dubai&DealType=Promotion",
		"HTTPS": "off",
		"HTTP_USER_AGENT": "Mozilla/5.0 (Windows NT 6.1; Win64; x64) AppleWebKit/537.36 (KHTML, like Gecko) Chrome/53.0.2785.101 Safari/537.36",
		"QUERY_STRING": "",
		"HTTP_CONNECTION": "",
		"REQUEST_METHOD": "POST",
		"HTTP_HOST": "forevertravel.co"
	}]
}, {
	"EntryDate": "2016-11-18 07:20:51 -05:00",
	"Level": "WARN",
	"Message": [{
		"Rule": "quote",
		"REMOTE_HOST": "45.34.153.162",
		"URL": "/send-to-a-friend.html",
		"HTTP_REFERER": "http://forevertravel.co/send-to-a-friend.html?seourl=18-day-rome-to-dubai&DealType=Promotion",
		"HTTPS": "off",
		"HTTP_USER_AGENT": "Mozilla/5.0 (Windows NT 6.1; Win64; x64) AppleWebKit/537.36 (KHTML, like Gecko) Chrome/53.0.2785.101 Safari/537.36",
		"QUERY_STRING": "",
		"HTTP_CONNECTION": "",
		"REQUEST_METHOD": "POST",
		"HTTP_HOST": "forevertravel.co"
	}]
}, {
	"EntryDate": "2016-11-18 07:23:37 -05:00",
	"Level": "WARN",
	"Message": [{
		"Rule": "quote",
		"REMOTE_HOST": "45.34.153.162",
		"URL": "/send-to-a-friend.html",
		"HTTP_REFERER": "http://forevertravel.co/send-to-a-friend.html?seourl=18-day-rome-to-dubai&DealType=Promotion",
		"HTTPS": "off",
		"HTTP_USER_AGENT": "Mozilla/5.0 (Windows NT 6.1; Win64; x64) AppleWebKit/537.36 (KHTML, like Gecko) Chrome/53.0.2785.101 Safari/537.36",
		"QUERY_STRING": "",
		"HTTP_CONNECTION": "",
		"REQUEST_METHOD": "POST",
		"HTTP_HOST": "forevertravel.co"
	}]
}, {
	"EntryDate": "2016-11-18 07:26:46 -05:00",
	"Level": "WARN",
	"Message": [{
		"Rule": "quote",
		"REMOTE_HOST": "45.34.153.162",
		"URL": "/send-to-a-friend.html",
		"HTTP_REFERER": "http://forevertravel.co/send-to-a-friend.html?seourl=18-day-rome-to-dubai&DealType=Promotion",
		"HTTPS": "off",
		"HTTP_USER_AGENT": "Mozilla/5.0 (Windows NT 6.1; Win64; x64) AppleWebKit/537.36 (KHTML, like Gecko) Chrome/53.0.2785.101 Safari/537.36",
		"QUERY_STRING": "",
		"HTTP_CONNECTION": "",
		"REQUEST_METHOD": "POST",
		"HTTP_HOST": "forevertravel.co"
	}]
}, {
	"EntryDate": "2016-11-18 07:29:53 -05:00",
	"Level": "WARN",
	"Message": [{
		"Rule": "quote",
		"REMOTE_HOST": "45.34.153.162",
		"URL": "/send-to-a-friend.html",
		"HTTP_REFERER": "http://forevertravel.co/send-to-a-friend.html?seourl=18-day-rome-to-dubai&DealType=Promotion",
		"HTTPS": "off",
		"HTTP_USER_AGENT": "Mozilla/5.0 (Windows NT 6.1; Win64; x64) AppleWebKit/537.36 (KHTML, like Gecko) Chrome/53.0.2785.101 Safari/537.36",
		"QUERY_STRING": "",
		"HTTP_CONNECTION": "",
		"REQUEST_METHOD": "POST",
		"HTTP_HOST": "forevertravel.co"
	}]
}, {
	"EntryDate": "2016-11-18 07:33:54 -05:00",
	"Level": "WARN",
	"Message": [{
		"Rule": "quote",
		"REMOTE_HOST": "45.34.153.162",
		"URL": "/send-to-a-friend.html",
		"HTTP_REFERER": "http://forevertravel.co/send-to-a-friend.html?seourl=18-day-rome-to-dubai&DealType=Promotion",
		"HTTPS": "off",
		"HTTP_USER_AGENT": "Mozilla/5.0 (Windows NT 6.1; Win64; x64) AppleWebKit/537.36 (KHTML, like Gecko) Chrome/53.0.2785.101 Safari/537.36",
		"QUERY_STRING": "",
		"HTTP_CONNECTION": "",
		"REQUEST_METHOD": "POST",
		"HTTP_HOST": "forevertravel.co"
	}]
}, {
	"EntryDate": "2016-11-18 07:36:50 -05:00",
	"Level": "WARN",
	"Message": [{
		"Rule": "quote",
		"REMOTE_HOST": "45.34.153.162",
		"URL": "/send-to-a-friend.html",
		"HTTP_REFERER": "http://forevertravel.co/send-to-a-friend.html?seourl=18-day-rome-to-dubai&DealType=Promotion",
		"HTTPS": "off",
		"HTTP_USER_AGENT": "Mozilla/5.0 (Windows NT 6.1; Win64; x64) AppleWebKit/537.36 (KHTML, like Gecko) Chrome/53.0.2785.101 Safari/537.36",
		"QUERY_STRING": "",
		"HTTP_CONNECTION": "",
		"REQUEST_METHOD": "POST",
		"HTTP_HOST": "forevertravel.co"
	}]
}, {
	"EntryDate": "2016-11-18 07:40:01 -05:00",
	"Level": "WARN",
	"Message": [{
		"Rule": "quote",
		"REMOTE_HOST": "45.34.153.162",
		"URL": "/send-to-a-friend.html",
		"HTTP_REFERER": "http://forevertravel.co/send-to-a-friend.html?seourl=18-day-rome-to-dubai&DealType=Promotion",
		"HTTPS": "off",
		"HTTP_USER_AGENT": "Mozilla/5.0 (Windows NT 6.1; Win64; x64) AppleWebKit/537.36 (KHTML, like Gecko) Chrome/53.0.2785.101 Safari/537.36",
		"QUERY_STRING": "",
		"HTTP_CONNECTION": "",
		"REQUEST_METHOD": "POST",
		"HTTP_HOST": "forevertravel.co"
	}]
}, {
	"EntryDate": "2016-11-18 07:43:03 -05:00",
	"Level": "WARN",
	"Message": [{
		"Rule": "quote",
		"REMOTE_HOST": "45.34.153.162",
		"URL": "/send-to-a-friend.html",
		"HTTP_REFERER": "http://forevertravel.co/send-to-a-friend.html?seourl=18-day-rome-to-dubai&DealType=Promotion",
		"HTTPS": "off",
		"HTTP_USER_AGENT": "Mozilla/5.0 (Windows NT 6.1; Win64; x64) AppleWebKit/537.36 (KHTML, like Gecko) Chrome/53.0.2785.101 Safari/537.36",
		"QUERY_STRING": "",
		"HTTP_CONNECTION": "",
		"REQUEST_METHOD": "POST",
		"HTTP_HOST": "forevertravel.co"
	}]
}, {
	"EntryDate": "2016-11-18 07:46:29 -05:00",
	"Level": "WARN",
	"Message": [{
		"Rule": "ajaxclearlogonselectthemes",
		"REMOTE_HOST": "47.196.199.142",
		"URL": "/ajax.html",
		"HTTP_REFERER": "http://itinereeztravel.agentstudio.com/control-panel/site-customization.html?CPAction=Theme",
		"HTTPS": "off",
		"HTTP_USER_AGENT": "Mozilla/5.0 (Macintosh; Intel Mac OS X 10_8_5) AppleWebKit/537.36 (KHTML, like Gecko) Chrome/49.0.2623.112 Safari/537.36",
		"QUERY_STRING": "AjaxRequest=select_Themes",
		"HTTP_CONNECTION": "keep-alive",
		"REQUEST_METHOD": "POST",
		"HTTP_HOST": "itinereeztravel.agentstudio.com"
	}]
}, {
	"EntryDate": "2016-11-18 07:48:32 -05:00",
	"Level": "WARN",
	"Message": [{
		"Rule": "ajaxclearlogonselectthemes",
		"REMOTE_HOST": "47.196.199.142",
		"URL": "/ajax.html",
		"HTTP_REFERER": "http://itinereeztravel.agentstudio.com/control-panel/site-customization.html?CPAction=Theme",
		"HTTPS": "off",
		"HTTP_USER_AGENT": "Mozilla/5.0 (Macintosh; Intel Mac OS X 10_8_5) AppleWebKit/537.36 (KHTML, like Gecko) Chrome/49.0.2623.112 Safari/537.36",
		"QUERY_STRING": "AjaxRequest=select_Themes",
		"HTTP_CONNECTION": "keep-alive",
		"REQUEST_METHOD": "POST",
		"HTTP_HOST": "itinereeztravel.agentstudio.com"
	}]
}, {
	"EntryDate": "2016-11-18 07:50:18 -05:00",
	"Level": "WARN",
	"Message": [{
		"Rule": "quote",
		"REMOTE_HOST": "45.34.153.162",
		"URL": "/send-to-a-friend.html",
		"HTTP_REFERER": "http://forevertravel.co/send-to-a-friend.html?seourl=18-day-rome-to-dubai&DealType=Promotion",
		"HTTPS": "off",
		"HTTP_USER_AGENT": "Mozilla/5.0 (Windows NT 6.1; Win64; x64) AppleWebKit/537.36 (KHTML, like Gecko) Chrome/53.0.2785.101 Safari/537.36",
		"QUERY_STRING": "",
		"HTTP_CONNECTION": "",
		"REQUEST_METHOD": "POST",
		"HTTP_HOST": "forevertravel.co"
	}]
}, {
	"EntryDate": "2016-11-18 07:54:00 -05:00",
	"Level": "WARN",
	"Message": [{
		"Rule": "quote",
		"REMOTE_HOST": "45.34.153.162",
		"URL": "/send-to-a-friend.html",
		"HTTP_REFERER": "http://forevertravel.co/send-to-a-friend.html?seourl=18-day-rome-to-dubai&DealType=Promotion",
		"HTTPS": "off",
		"HTTP_USER_AGENT": "Mozilla/5.0 (Windows NT 6.1; Win64; x64) AppleWebKit/537.36 (KHTML, like Gecko) Chrome/53.0.2785.101 Safari/537.36",
		"QUERY_STRING": "",
		"HTTP_CONNECTION": "",
		"REQUEST_METHOD": "POST",
		"HTTP_HOST": "forevertravel.co"
	}]
}, {
	"EntryDate": "2016-11-18 07:57:36 -05:00",
	"Level": "WARN",
	"Message": [{
		"Rule": "quote",
		"REMOTE_HOST": "45.34.153.162",
		"URL": "/send-to-a-friend.html",
		"HTTP_REFERER": "http://forevertravel.co/send-to-a-friend.html?seourl=18-day-rome-to-dubai&DealType=Promotion",
		"HTTPS": "off",
		"HTTP_USER_AGENT": "Mozilla/5.0 (Windows NT 6.1; Win64; x64) AppleWebKit/537.36 (KHTML, like Gecko) Chrome/53.0.2785.101 Safari/537.36",
		"QUERY_STRING": "",
		"HTTP_CONNECTION": "",
		"REQUEST_METHOD": "POST",
		"HTTP_HOST": "forevertravel.co"
	}]
}, {
	"EntryDate": "2016-11-18 08:01:07 -05:00",
	"Level": "WARN",
	"Message": [{
		"Rule": "quote",
		"REMOTE_HOST": "45.34.153.162",
		"URL": "/send-to-a-friend.html",
		"HTTP_REFERER": "http://forevertravel.co/send-to-a-friend.html?seourl=18-day-rome-to-dubai&DealType=Promotion",
		"HTTPS": "off",
		"HTTP_USER_AGENT": "Mozilla/5.0 (Windows NT 6.1; Win64; x64) AppleWebKit/537.36 (KHTML, like Gecko) Chrome/53.0.2785.101 Safari/537.36",
		"QUERY_STRING": "",
		"HTTP_CONNECTION": "",
		"REQUEST_METHOD": "POST",
		"HTTP_HOST": "forevertravel.co"
	}]
}, {
	"EntryDate": "2016-11-18 08:04:46 -05:00",
	"Level": "WARN",
	"Message": [{
		"Rule": "quote",
		"REMOTE_HOST": "45.34.153.162",
		"URL": "/send-to-a-friend.html",
		"HTTP_REFERER": "http://forevertravel.co/send-to-a-friend.html?seourl=18-day-rome-to-dubai&DealType=Promotion",
		"HTTPS": "off",
		"HTTP_USER_AGENT": "Mozilla/5.0 (Windows NT 6.1; Win64; x64) AppleWebKit/537.36 (KHTML, like Gecko) Chrome/53.0.2785.101 Safari/537.36",
		"QUERY_STRING": "",
		"HTTP_CONNECTION": "",
		"REQUEST_METHOD": "POST",
		"HTTP_HOST": "forevertravel.co"
	}]
}, {
	"EntryDate": "2016-11-18 08:08:31 -05:00",
	"Level": "WARN",
	"Message": [{
		"Rule": "quote",
		"REMOTE_HOST": "45.34.153.162",
		"URL": "/send-to-a-friend.html",
		"HTTP_REFERER": "http://forevertravel.co/send-to-a-friend.html?seourl=18-day-rome-to-dubai&DealType=Promotion",
		"HTTPS": "off",
		"HTTP_USER_AGENT": "Mozilla/5.0 (Windows NT 6.1; Win64; x64) AppleWebKit/537.36 (KHTML, like Gecko) Chrome/53.0.2785.101 Safari/537.36",
		"QUERY_STRING": "",
		"HTTP_CONNECTION": "",
		"REQUEST_METHOD": "POST",
		"HTTP_HOST": "forevertravel.co"
	}]
}, {
	"EntryDate": "2016-11-18 08:12:05 -05:00",
	"Level": "WARN",
	"Message": [{
		"Rule": "quote",
		"REMOTE_HOST": "45.34.153.162",
		"URL": "/send-to-a-friend.html",
		"HTTP_REFERER": "http://forevertravel.co/send-to-a-friend.html?seourl=18-day-rome-to-dubai&DealType=Promotion",
		"HTTPS": "off",
		"HTTP_USER_AGENT": "Mozilla/5.0 (Windows NT 6.1; Win64; x64) AppleWebKit/537.36 (KHTML, like Gecko) Chrome/53.0.2785.101 Safari/537.36",
		"QUERY_STRING": "",
		"HTTP_CONNECTION": "",
		"REQUEST_METHOD": "POST",
		"HTTP_HOST": "forevertravel.co"
	}]
}, {
	"EntryDate": "2016-11-18 08:15:41 -05:00",
	"Level": "WARN",
	"Message": [{
		"Rule": "quote",
		"REMOTE_HOST": "45.34.153.162",
		"URL": "/send-to-a-friend.html",
		"HTTP_REFERER": "http://forevertravel.co/send-to-a-friend.html?seourl=18-day-rome-to-dubai&DealType=Promotion",
		"HTTPS": "off",
		"HTTP_USER_AGENT": "Mozilla/5.0 (Windows NT 6.1; Win64; x64) AppleWebKit/537.36 (KHTML, like Gecko) Chrome/53.0.2785.101 Safari/537.36",
		"QUERY_STRING": "",
		"HTTP_CONNECTION": "",
		"REQUEST_METHOD": "POST",
		"HTTP_HOST": "forevertravel.co"
	}]
}, {
	"EntryDate": "2016-11-18 08:35:05 -05:00",
	"Level": "WARN",
	"Message": [{
		"Rule": "hotelsbots",
		"REMOTE_HOST": "184.154.139.49",
		"URL": "/hotels-details.html",
		"HTTP_REFERER": "",
		"HTTPS": "off",
		"HTTP_USER_AGENT": "SiteLockSpider [en] (WinNT; I ;Nav)",
		"QUERY_STRING": "Display=Rooms&SearchObject=%7B%22HotelId%22%3A418782%2C%22rooms%22%3A1%2C%22totalChildren%22%3A0%2C%22numberOfResults%22%3A3%2C%22departureDate%22%3A%2211%2F19%2F2016%22%2C%22SortType%22%3A%22PROMO%22%2C%22roomGroup%22%3A%5B%7B%22numberOfChildren%22%3A0%2C%22numberOfAdults%22%3A1%7D%5D%2C%22arrivalDate%22%3A%2211%2F18%2F2016%22%2C%22totalAdults%22%3A1%2C%22regionId%22%3A2734%2C%22DestinationString%22%3A%22Paris%2C%20France%22%7D",
		"HTTP_CONNECTION": "TE, close",
		"REQUEST_METHOD": "GET",
		"HTTP_HOST": "travelexplorerelax.com"
	}]
}, {
	"EntryDate": "2016-11-18 08:57:52 -05:00",
	"Level": "WARN",
	"Message": [{
		"Rule": "hotelsbots",
		"REMOTE_HOST": "184.154.248.106",
		"URL": "/hotels-details.html",
		"HTTP_REFERER": "",
		"HTTPS": "off",
		"HTTP_USER_AGENT": "SiteLockSpider [en] (WinNT; I ;Nav)",
		"QUERY_STRING": "SearchObject=%7B%22HotelId%22%3A105714%2C%22rooms%22%3A1%2C%22totalChildren%22%3A0%2C%22numberOfResults%22%3A3%2C%22departureDate%22%3A%2211%2F19%2F2016%22%2C%22SortType%22%3A%22PROMO%22%2C%22roomGroup%22%3A%5B%7B%22numberOfChildren%22%3A0%2C%22numberOfAdults%22%3A1%7D%5D%2C%22arrivalDate%22%3A%2211%2F18%2F2016%22%2C%22totalAdults%22%3A1%2C%22regionId%22%3A660%2C%22DestinationString%22%3A%22Boston%2C%20Massachusetts%2C%20United%20States%20of%20America%22%7D",
		"HTTP_CONNECTION": "TE, close",
		"REQUEST_METHOD": "GET",
		"HTTP_HOST": "echevarriatravel.com"
	}]
},